2018-11-20 11:24:51 794  [main] INFO  o.s.c.a.AnnotationConfigApplicationContext - Refreshing org.springframework.context.annotation.AnnotationConfigApplicationContext@618b19ad: startup date [Tue Nov 20 11:24:51 CST 2018]; root of context hierarchy
2018-11-20 11:24:51 1112 [main] INFO  o.s.b.f.a.AutowiredAnnotationBeanPostProcessor - JSR-330 'javax.inject.Inject' annotation found and supported for autowiring
2018-11-20 11:24:51 1145 [main] INFO  o.s.c.s.PostProcessorRegistrationDelegate$BeanPostProcessorChecker - Bean 'configurationPropertiesRebinderAutoConfiguration' of type [org.springframework.cloud.autoconfigure.ConfigurationPropertiesRebinderAutoConfiguration$$EnhancerBySpringCGLIB$$d5a26590] is not eligible for getting processed by all BeanPostProcessors (for example: not eligible for auto-proxying)
2018-11-20 11:24:52 1298 [main] INFO  c.b.n.NoteSystemServersApplication - No active profile set, falling back to default profiles: default
2018-11-20 11:24:52 1326 [main] INFO  o.s.b.w.s.c.AnnotationConfigServletWebServerApplicationContext - Refreshing org.springframework.boot.web.servlet.context.AnnotationConfigServletWebServerApplicationContext@5b3f61ff: startup date [Tue Nov 20 11:24:52 CST 2018]; parent: org.springframework.context.annotation.AnnotationConfigApplicationContext@618b19ad
2018-11-20 11:24:52 2000 [main] INFO  o.s.c.context.scope.GenericScope - BeanFactory id=156f69b8-2236-3978-aba8-e5adbf5b8401
2018-11-20 11:24:52 2013 [main] INFO  o.s.b.f.a.AutowiredAnnotationBeanPostProcessor - JSR-330 'javax.inject.Inject' annotation found and supported for autowiring
2018-11-20 11:24:52 2080 [main] INFO  o.s.c.s.PostProcessorRegistrationDelegate$BeanPostProcessorChecker - Bean 'org.springframework.transaction.annotation.ProxyTransactionManagementConfiguration' of type [org.springframework.transaction.annotation.ProxyTransactionManagementConfiguration$$EnhancerBySpringCGLIB$$b9886293] is not eligible for getting processed by all BeanPostProcessors (for example: not eligible for auto-proxying)
2018-11-20 11:24:52 2106 [main] INFO  o.s.c.s.PostProcessorRegistrationDelegate$BeanPostProcessorChecker - Bean 'org.springframework.cloud.autoconfigure.ConfigurationPropertiesRebinderAutoConfiguration' of type [org.springframework.cloud.autoconfigure.ConfigurationPropertiesRebinderAutoConfiguration$$EnhancerBySpringCGLIB$$d5a26590] is not eligible for getting processed by all BeanPostProcessors (for example: not eligible for auto-proxying)
2018-11-20 11:24:53 2374 [main] INFO  o.s.b.w.e.tomcat.TomcatWebServer - Tomcat initialized with port(s): 8999 (http)
2018-11-20 11:24:53 2384 [main] INFO  o.a.coyote.http11.Http11NioProtocol - Initializing ProtocolHandler ["http-nio-8999"]
2018-11-20 11:24:53 2392 [main] INFO  o.a.catalina.core.StandardService - Starting service [Tomcat]
2018-11-20 11:24:53 2392 [main] INFO  o.a.catalina.core.StandardEngine - Starting Servlet Engine: Apache Tomcat/8.5.34
2018-11-20 11:24:53 2395 [localhost-startStop-1] INFO  o.a.c.core.AprLifecycleListener - The APR based Apache Tomcat Native library which allows optimal performance in production environments was not found on the java.library.path: [/Users/chenxichao/Library/Java/Extensions:/Library/Java/Extensions:/Network/Library/Java/Extensions:/System/Library/Java/Extensions:/usr/lib/java:.]
2018-11-20 11:24:53 2479 [localhost-startStop-1] INFO  o.a.c.c.C.[Tomcat].[localhost].[/] - Initializing Spring embedded WebApplicationContext
2018-11-20 11:24:53 2479 [localhost-startStop-1] INFO  o.s.web.context.ContextLoader - Root WebApplicationContext: initialization completed in 1154 ms
2018-11-20 11:24:53 2528 [localhost-startStop-1] INFO  o.s.b.w.s.ServletRegistrationBean - Servlet dispatcherServlet mapped to [/]
2018-11-20 11:24:53 2531 [localhost-startStop-1] INFO  o.s.b.w.s.FilterRegistrationBean - Mapping filter: 'characterEncodingFilter' to: [/*]
2018-11-20 11:24:53 2532 [localhost-startStop-1] INFO  o.s.b.w.s.FilterRegistrationBean - Mapping filter: 'hiddenHttpMethodFilter' to: [/*]
2018-11-20 11:24:53 2532 [localhost-startStop-1] INFO  o.s.b.w.s.FilterRegistrationBean - Mapping filter: 'httpPutFormContentFilter' to: [/*]
2018-11-20 11:24:53 2532 [localhost-startStop-1] INFO  o.s.b.w.s.FilterRegistrationBean - Mapping filter: 'requestContextFilter' to: [/*]
2018-11-20 11:24:53 3174 [main] WARN  c.n.c.s.URLConfigurationSource - No URLs will be polled as dynamic configuration sources.
2018-11-20 11:24:53 3174 [main] INFO  c.n.c.s.URLConfigurationSource - To enable URLs as dynamic configuration sources, define System property archaius.configurationSource.additionalUrls or make config.properties available on classpath.
2018-11-20 11:24:53 3179 [main] WARN  c.n.c.s.URLConfigurationSource - No URLs will be polled as dynamic configuration sources.
2018-11-20 11:24:53 3179 [main] INFO  c.n.c.s.URLConfigurationSource - To enable URLs as dynamic configuration sources, define System property archaius.configurationSource.additionalUrls or make config.properties available on classpath.
2018-11-20 11:24:54 3252 [main] INFO  o.s.w.s.h.SimpleUrlHandlerMapping - Mapped URL path [/**/favicon.ico] onto handler of type [class org.springframework.web.servlet.resource.ResourceHttpRequestHandler]
2018-11-20 11:24:54 3419 [main] INFO  o.s.w.s.m.m.a.RequestMappingHandlerAdapter - Looking for @ControllerAdvice: org.springframework.boot.web.servlet.context.AnnotationConfigServletWebServerApplicationContext@5b3f61ff: startup date [Tue Nov 20 11:24:52 CST 2018]; parent: org.springframework.context.annotation.AnnotationConfigApplicationContext@618b19ad
2018-11-20 11:24:54 3474 [main] INFO  o.s.w.s.m.m.a.RequestMappingHandlerMapping - Mapped "{[/user/doDelete],methods=[POST]}" onto public com.books.notebasecore.util.ServiceResult<java.lang.Boolean> com.books.notesystemservers.controller.UserMstController.doDelete(int)
2018-11-20 11:24:54 3475 [main] INFO  o.s.w.s.m.m.a.RequestMappingHandlerMapping - Mapped "{[/user/findInfo],methods=[GET]}" onto public com.books.notebasecore.util.ServiceResult<com.books.notesystemservers.entity.UserMstEntity> com.books.notesystemservers.controller.UserMstController.findInfo(javax.servlet.http.HttpServletRequest)
2018-11-20 11:24:54 3475 [main] INFO  o.s.w.s.m.m.a.RequestMappingHandlerMapping - Mapped "{[/user/doUpdate],methods=[POST]}" onto public com.books.notebasecore.util.ServiceResult<java.lang.Integer> com.books.notesystemservers.controller.UserMstController.doUpdate(com.books.notesystemservers.entity.UserMstEntity)
2018-11-20 11:24:54 3476 [main] INFO  o.s.w.s.m.m.a.RequestMappingHandlerMapping - Mapped "{[/user/doInsert],methods=[POST]}" onto public com.books.notebasecore.util.ServiceResult<java.lang.Integer> com.books.notesystemservers.controller.UserMstController.doInsert(com.books.notesystemservers.entity.UserMstEntity)
2018-11-20 11:24:54 3476 [main] INFO  o.s.w.s.m.m.a.RequestMappingHandlerMapping - Mapped "{[/user/findList],methods=[GET]}" onto public com.books.notebasecore.util.ServiceResult<java.util.List<com.books.notesystemservers.entity.UserMstEntity>> com.books.notesystemservers.controller.UserMstController.findList(javax.servlet.http.HttpServletRequest)
2018-11-20 11:24:54 3478 [main] INFO  o.s.w.s.m.m.a.RequestMappingHandlerMapping - Mapped "{[/error]}" onto public org.springframework.http.ResponseEntity<java.util.Map<java.lang.String, java.lang.Object>> org.springframework.boot.autoconfigure.web.servlet.error.BasicErrorController.error(javax.servlet.http.HttpServletRequest)
2018-11-20 11:24:54 3479 [main] INFO  o.s.w.s.m.m.a.RequestMappingHandlerMapping - Mapped "{[/error],produces=[text/html]}" onto public org.springframework.web.servlet.ModelAndView org.springframework.boot.autoconfigure.web.servlet.error.BasicErrorController.errorHtml(javax.servlet.http.HttpServletRequest,javax.servlet.http.HttpServletResponse)
2018-11-20 11:24:54 3501 [main] INFO  o.s.w.s.h.SimpleUrlHandlerMapping - Mapped URL path [/webjars/**] onto handler of type [class org.springframework.web.servlet.resource.ResourceHttpRequestHandler]
2018-11-20 11:24:54 3502 [main] INFO  o.s.w.s.h.SimpleUrlHandlerMapping - Mapped URL path [/**] onto handler of type [class org.springframework.web.servlet.resource.ResourceHttpRequestHandler]
2018-11-20 11:24:54 4091 [main] INFO  o.s.j.e.a.AnnotationMBeanExporter - Registering beans for JMX exposure on startup
2018-11-20 11:24:54 4092 [main] INFO  o.s.j.e.a.AnnotationMBeanExporter - Bean with name 'dataSource' has been autodetected for JMX exposure
2018-11-20 11:24:54 4098 [main] INFO  o.s.j.e.a.AnnotationMBeanExporter - Bean with name 'refreshScope' has been autodetected for JMX exposure
2018-11-20 11:24:54 4099 [main] INFO  o.s.j.e.a.AnnotationMBeanExporter - Bean with name 'configurationPropertiesRebinder' has been autodetected for JMX exposure
2018-11-20 11:24:54 4100 [main] INFO  o.s.j.e.a.AnnotationMBeanExporter - Bean with name 'environmentManager' has been autodetected for JMX exposure
2018-11-20 11:24:54 4102 [main] INFO  o.s.j.e.a.AnnotationMBeanExporter - Located managed bean 'environmentManager': registering with JMX server as MBean [org.springframework.cloud.context.environment:name=environmentManager,type=EnvironmentManager]
2018-11-20 11:24:54 4111 [main] INFO  o.s.j.e.a.AnnotationMBeanExporter - Located managed bean 'refreshScope': registering with JMX server as MBean [org.springframework.cloud.context.scope.refresh:name=refreshScope,type=RefreshScope]
2018-11-20 11:24:54 4118 [main] INFO  o.s.j.e.a.AnnotationMBeanExporter - Located managed bean 'configurationPropertiesRebinder': registering with JMX server as MBean [org.springframework.cloud.context.properties:name=configurationPropertiesRebinder,context=5b3f61ff,type=ConfigurationPropertiesRebinder]
2018-11-20 11:24:54 4122 [main] INFO  o.s.j.e.a.AnnotationMBeanExporter - Located MBean 'dataSource': registering with JMX server as MBean [com.alibaba.druid.pool:name=dataSource,type=DruidDataSource]
2018-11-20 11:24:54 4126 [main] INFO  o.s.c.s.DefaultLifecycleProcessor - Starting beans in phase 0
2018-11-20 11:24:54 4137 [main] INFO  o.s.c.n.eureka.InstanceInfoFactory - Setting initial instance status as: STARTING
2018-11-20 11:24:54 4169 [main] INFO  c.netflix.discovery.DiscoveryClient - Initializing Eureka in region us-east-1
2018-11-20 11:24:55 4288 [main] INFO  c.n.d.p.DiscoveryJerseyProvider - Using JSON encoding codec LegacyJacksonJson
2018-11-20 11:24:55 4288 [main] INFO  c.n.d.p.DiscoveryJerseyProvider - Using JSON decoding codec LegacyJacksonJson
2018-11-20 11:24:55 4407 [main] INFO  c.n.d.p.DiscoveryJerseyProvider - Using XML encoding codec XStreamXml
2018-11-20 11:24:55 4407 [main] INFO  c.n.d.p.DiscoveryJerseyProvider - Using XML decoding codec XStreamXml
2018-11-20 11:24:55 4538 [main] INFO  c.n.d.s.r.aws.ConfigClusterResolver - Resolving eureka endpoints via configuration
2018-11-20 11:24:55 4558 [main] INFO  c.netflix.discovery.DiscoveryClient - Disable delta property : false
2018-11-20 11:24:55 4558 [main] INFO  c.netflix.discovery.DiscoveryClient - Single vip registry refresh property : null
2018-11-20 11:24:55 4558 [main] INFO  c.netflix.discovery.DiscoveryClient - Force full registry fetch : false
2018-11-20 11:24:55 4558 [main] INFO  c.netflix.discovery.DiscoveryClient - Application is null : false
2018-11-20 11:24:55 4558 [main] INFO  c.netflix.discovery.DiscoveryClient - Registered Applications size is zero : true
2018-11-20 11:24:55 4558 [main] INFO  c.netflix.discovery.DiscoveryClient - Application version is -1: true
2018-11-20 11:24:55 4558 [main] INFO  c.netflix.discovery.DiscoveryClient - Getting all instance registry info from the eureka server
2018-11-20 11:24:55 4686 [main] INFO  c.netflix.discovery.DiscoveryClient - The response status is 200
2018-11-20 11:24:55 4688 [main] INFO  c.netflix.discovery.DiscoveryClient - Starting heartbeat executor: renew interval is: 30
2018-11-20 11:24:55 4690 [main] INFO  c.n.d.InstanceInfoReplicator - InstanceInfoReplicator onDemand update allowed rate per min is 4
2018-11-20 11:24:55 4694 [main] INFO  c.netflix.discovery.DiscoveryClient - Discovery Client initialized at timestamp 1542684295498 with initial instances count: 1
2018-11-20 11:24:55 4700 [main] INFO  o.s.c.n.e.s.EurekaServiceRegistry - Registering application note-system-servers with eureka with status UP
2018-11-20 11:24:55 4701 [main] INFO  c.netflix.discovery.DiscoveryClient - Saw local status change event StatusChangeEvent [timestamp=1542684295507, current=UP, previous=STARTING]
2018-11-20 11:24:55 4704 [DiscoveryClient-InstanceInfoReplicator-0] INFO  c.netflix.discovery.DiscoveryClient - DiscoveryClient_NOTE-SYSTEM-SERVERS/192.168.2.114:note-system-servers:8999: registering service...
2018-11-20 11:24:55 4722 [main] INFO  o.a.coyote.http11.Http11NioProtocol - Starting ProtocolHandler ["http-nio-8999"]
2018-11-20 11:24:55 4742 [DiscoveryClient-InstanceInfoReplicator-0] INFO  c.netflix.discovery.DiscoveryClient - DiscoveryClient_NOTE-SYSTEM-SERVERS/192.168.2.114:note-system-servers:8999 - registration status: 204
2018-11-20 11:24:55 4748 [main] INFO  o.a.tomcat.util.net.NioSelectorPool - Using a shared selector for servlet write/read
2018-11-20 11:24:55 4759 [main] INFO  o.s.b.w.e.tomcat.TomcatWebServer - Tomcat started on port(s): 8999 (http) with context path ''
2018-11-20 11:24:55 4760 [main] INFO  o.s.c.n.e.s.EurekaAutoServiceRegistration - Updating port to 8999
2018-11-20 11:24:55 4762 [main] INFO  c.b.n.NoteSystemServersApplication - Started NoteSystemServersApplication in 4.797 seconds (JVM running for 5.583)
2018-11-20 11:26:11 80258 [http-nio-8999-exec-1] INFO  o.a.c.c.C.[Tomcat].[localhost].[/] - Initializing Spring FrameworkServlet 'dispatcherServlet'
2018-11-20 11:26:11 80258 [http-nio-8999-exec-1] INFO  o.s.web.servlet.DispatcherServlet - FrameworkServlet 'dispatcherServlet': initialization started
2018-11-20 11:26:11 80279 [http-nio-8999-exec-1] INFO  o.s.web.servlet.DispatcherServlet - FrameworkServlet 'dispatcherServlet': initialization completed in 21 ms
2018-11-20 11:26:11 80460 [http-nio-8999-exec-1] INFO  c.a.druid.pool.DruidDataSource - {dataSource-1} inited
2018-11-20 11:26:11 80907 [http-nio-8999-exec-1] DEBUG c.b.n.mapper.UserMstMapper.findList - ==>  Preparing: SELECT * FROM `user_mst` WHERE `create_time`!='' ORDER BY update_time DESC 
2018-11-20 11:26:11 80928 [http-nio-8999-exec-1] DEBUG c.b.n.mapper.UserMstMapper.findList - ==> Parameters: 
2018-11-20 11:26:11 80969 [http-nio-8999-exec-1] DEBUG c.b.n.mapper.UserMstMapper.findList - <==      Total: 1
2018-11-20 11:26:21 90633 [http-nio-8999-exec-2] DEBUG c.b.n.mapper.UserMstMapper.findList - ==>  Preparing: SELECT * FROM `user_mst` WHERE `create_time`!='' ORDER BY update_time DESC 
2018-11-20 11:26:21 90633 [http-nio-8999-exec-2] DEBUG c.b.n.mapper.UserMstMapper.findList - ==> Parameters: 
2018-11-20 11:26:21 90634 [http-nio-8999-exec-2] DEBUG c.b.n.mapper.UserMstMapper.findList - <==      Total: 1
2018-11-20 11:29:55 304566 [AsyncResolver-bootstrap-executor-0] INFO  c.n.d.s.r.aws.ConfigClusterResolver - Resolving eureka endpoints via configuration
2018-11-20 11:34:55 604577 [AsyncResolver-bootstrap-executor-0] INFO  c.n.d.s.r.aws.ConfigClusterResolver - Resolving eureka endpoints via configuration
2018-11-20 11:39:55 904602 [AsyncResolver-bootstrap-executor-0] INFO  c.n.d.s.r.aws.ConfigClusterResolver - Resolving eureka endpoints via configuration
2018-11-20 11:44:55 1204611 [AsyncResolver-bootstrap-executor-0] INFO  c.n.d.s.r.aws.ConfigClusterResolver - Resolving eureka endpoints via configuration
2018-11-20 11:49:55 1504627 [AsyncResolver-bootstrap-executor-0] INFO  c.n.d.s.r.aws.ConfigClusterResolver - Resolving eureka endpoints via configuration
2018-11-20 11:54:55 1804631 [AsyncResolver-bootstrap-executor-0] INFO  c.n.d.s.r.aws.ConfigClusterResolver - Resolving eureka endpoints via configuration
2018-11-20 11:59:55 2104639 [AsyncResolver-bootstrap-executor-0] INFO  c.n.d.s.r.aws.ConfigClusterResolver - Resolving eureka endpoints via configuration
2018-11-20 12:04:55 2404649 [AsyncResolver-bootstrap-executor-0] INFO  c.n.d.s.r.aws.ConfigClusterResolver - Resolving eureka endpoints via configuration
2018-11-20 12:09:55 2704661 [AsyncResolver-bootstrap-executor-0] INFO  c.n.d.s.r.aws.ConfigClusterResolver - Resolving eureka endpoints via configuration
2018-11-20 12:14:55 3004668 [AsyncResolver-bootstrap-executor-0] INFO  c.n.d.s.r.aws.ConfigClusterResolver - Resolving eureka endpoints via configuration
2018-11-20 12:19:55 3304673 [AsyncResolver-bootstrap-executor-0] INFO  c.n.d.s.r.aws.ConfigClusterResolver - Resolving eureka endpoints via configuration
2018-11-20 12:24:55 3604679 [AsyncResolver-bootstrap-executor-0] INFO  c.n.d.s.r.aws.ConfigClusterResolver - Resolving eureka endpoints via configuration
2018-11-20 12:29:55 3904687 [AsyncResolver-bootstrap-executor-0] INFO  c.n.d.s.r.aws.ConfigClusterResolver - Resolving eureka endpoints via configuration
2018-11-20 12:34:55 4204702 [AsyncResolver-bootstrap-executor-0] INFO  c.n.d.s.r.aws.ConfigClusterResolver - Resolving eureka endpoints via configuration
2018-11-20 12:39:55 4504708 [AsyncResolver-bootstrap-executor-0] INFO  c.n.d.s.r.aws.ConfigClusterResolver - Resolving eureka endpoints via configuration
2018-11-20 12:44:55 4804709 [AsyncResolver-bootstrap-executor-0] INFO  c.n.d.s.r.aws.ConfigClusterResolver - Resolving eureka endpoints via configuration
2018-11-20 12:49:55 5104712 [AsyncResolver-bootstrap-executor-0] INFO  c.n.d.s.r.aws.ConfigClusterResolver - Resolving eureka endpoints via configuration
2018-11-20 12:54:55 5404716 [AsyncResolver-bootstrap-executor-0] INFO  c.n.d.s.r.aws.ConfigClusterResolver - Resolving eureka endpoints via configuration
2018-11-20 12:59:55 5704726 [AsyncResolver-bootstrap-executor-0] INFO  c.n.d.s.r.aws.ConfigClusterResolver - Resolving eureka endpoints via configuration
2018-11-20 13:04:55 6004733 [AsyncResolver-bootstrap-executor-0] INFO  c.n.d.s.r.aws.ConfigClusterResolver - Resolving eureka endpoints via configuration
2018-11-20 13:09:55 6304744 [AsyncResolver-bootstrap-executor-0] INFO  c.n.d.s.r.aws.ConfigClusterResolver - Resolving eureka endpoints via configuration
2018-11-20 13:11:20 6389376 [http-nio-8999-exec-4] DEBUG c.b.n.mapper.UserMstMapper.findList - ==>  Preparing: SELECT * FROM `user_mst` WHERE `create_time`!='' ORDER BY update_time DESC 
2018-11-20 13:11:20 6389377 [http-nio-8999-exec-4] DEBUG c.b.n.mapper.UserMstMapper.findList - ==> Parameters: 
2018-11-20 13:11:20 6389383 [http-nio-8999-exec-4] DEBUG c.b.n.mapper.UserMstMapper.findList - <==      Total: 1
2018-11-20 13:14:55 6604755 [AsyncResolver-bootstrap-executor-0] INFO  c.n.d.s.r.aws.ConfigClusterResolver - Resolving eureka endpoints via configuration
2018-11-20 13:19:55 6904763 [AsyncResolver-bootstrap-executor-0] INFO  c.n.d.s.r.aws.ConfigClusterResolver - Resolving eureka endpoints via configuration
2018-11-20 13:24:55 7204772 [AsyncResolver-bootstrap-executor-0] INFO  c.n.d.s.r.aws.ConfigClusterResolver - Resolving eureka endpoints via configuration
2018-11-20 13:25:37 7246541 [http-nio-8999-exec-6] DEBUG c.b.n.mapper.UserMstMapper.findList - ==>  Preparing: SELECT * FROM `user_mst` WHERE `create_time`!='' ORDER BY update_time DESC 
2018-11-20 13:25:37 7246543 [http-nio-8999-exec-6] DEBUG c.b.n.mapper.UserMstMapper.findList - ==> Parameters: 
2018-11-20 13:25:37 7246550 [http-nio-8999-exec-6] DEBUG c.b.n.mapper.UserMstMapper.findList - <==      Total: 1
2018-11-20 13:28:49 7438267 [http-nio-8999-exec-8] DEBUG c.b.n.mapper.UserMstMapper.findList - ==>  Preparing: SELECT * FROM `user_mst` WHERE `create_time`!='' ORDER BY update_time DESC 
2018-11-20 13:28:49 7438268 [http-nio-8999-exec-8] DEBUG c.b.n.mapper.UserMstMapper.findList - ==> Parameters: 
2018-11-20 13:28:49 7438271 [http-nio-8999-exec-8] DEBUG c.b.n.mapper.UserMstMapper.findList - <==      Total: 1
2018-11-20 13:29:55 7504783 [AsyncResolver-bootstrap-executor-0] INFO  c.n.d.s.r.aws.ConfigClusterResolver - Resolving eureka endpoints via configuration
2018-11-20 13:34:55 7804771 [AsyncResolver-bootstrap-executor-0] INFO  c.n.d.s.r.aws.ConfigClusterResolver - Resolving eureka endpoints via configuration
2018-11-20 13:39:55 8104780 [AsyncResolver-bootstrap-executor-0] INFO  c.n.d.s.r.aws.ConfigClusterResolver - Resolving eureka endpoints via configuration
2018-11-20 13:44:55 8404787 [AsyncResolver-bootstrap-executor-0] INFO  c.n.d.s.r.aws.ConfigClusterResolver - Resolving eureka endpoints via configuration
2018-11-20 13:49:55 8704795 [AsyncResolver-bootstrap-executor-0] INFO  c.n.d.s.r.aws.ConfigClusterResolver - Resolving eureka endpoints via configuration
2018-11-20 13:54:55 9004816 [AsyncResolver-bootstrap-executor-0] INFO  c.n.d.s.r.aws.ConfigClusterResolver - Resolving eureka endpoints via configuration
2018-11-20 13:59:55 9304831 [AsyncResolver-bootstrap-executor-0] INFO  c.n.d.s.r.aws.ConfigClusterResolver - Resolving eureka endpoints via configuration
2018-11-20 14:04:55 9604840 [AsyncResolver-bootstrap-executor-0] INFO  c.n.d.s.r.aws.ConfigClusterResolver - Resolving eureka endpoints via configuration
2018-11-20 14:09:55 9904849 [AsyncResolver-bootstrap-executor-0] INFO  c.n.d.s.r.aws.ConfigClusterResolver - Resolving eureka endpoints via configuration
2018-11-20 14:14:55 10204852 [AsyncResolver-bootstrap-executor-0] INFO  c.n.d.s.r.aws.ConfigClusterResolver - Resolving eureka endpoints via configuration
2018-11-20 14:19:55 10504860 [AsyncResolver-bootstrap-executor-0] INFO  c.n.d.s.r.aws.ConfigClusterResolver - Resolving eureka endpoints via configuration
2018-11-20 14:24:55 10804867 [AsyncResolver-bootstrap-executor-0] INFO  c.n.d.s.r.aws.ConfigClusterResolver - Resolving eureka endpoints via configuration
2018-11-20 14:29:55 11104872 [AsyncResolver-bootstrap-executor-0] INFO  c.n.d.s.r.aws.ConfigClusterResolver - Resolving eureka endpoints via configuration
2018-11-20 14:34:55 11404876 [AsyncResolver-bootstrap-executor-0] INFO  c.n.d.s.r.aws.ConfigClusterResolver - Resolving eureka endpoints via configuration
2018-11-20 14:39:55 11704884 [AsyncResolver-bootstrap-executor-0] INFO  c.n.d.s.r.aws.ConfigClusterResolver - Resolving eureka endpoints via configuration
2018-11-20 14:44:55 12004893 [AsyncResolver-bootstrap-executor-0] INFO  c.n.d.s.r.aws.ConfigClusterResolver - Resolving eureka endpoints via configuration
2018-11-20 14:49:55 12304902 [AsyncResolver-bootstrap-executor-0] INFO  c.n.d.s.r.aws.ConfigClusterResolver - Resolving eureka endpoints via configuration
2018-11-20 14:54:55 12604905 [AsyncResolver-bootstrap-executor-0] INFO  c.n.d.s.r.aws.ConfigClusterResolver - Resolving eureka endpoints via configuration
2018-11-20 14:59:55 12904912 [AsyncResolver-bootstrap-executor-0] INFO  c.n.d.s.r.aws.ConfigClusterResolver - Resolving eureka endpoints via configuration
2018-11-20 15:04:55 13204921 [AsyncResolver-bootstrap-executor-0] INFO  c.n.d.s.r.aws.ConfigClusterResolver - Resolving eureka endpoints via configuration
2018-11-20 15:09:55 13504923 [AsyncResolver-bootstrap-executor-0] INFO  c.n.d.s.r.aws.ConfigClusterResolver - Resolving eureka endpoints via configuration
2018-11-20 15:14:55 13804938 [AsyncResolver-bootstrap-executor-0] INFO  c.n.d.s.r.aws.ConfigClusterResolver - Resolving eureka endpoints via configuration
2018-11-20 15:19:55 14104942 [AsyncResolver-bootstrap-executor-0] INFO  c.n.d.s.r.aws.ConfigClusterResolver - Resolving eureka endpoints via configuration
2018-11-20 15:24:55 14404955 [AsyncResolver-bootstrap-executor-0] INFO  c.n.d.s.r.aws.ConfigClusterResolver - Resolving eureka endpoints via configuration
2018-11-20 15:29:55 14704963 [AsyncResolver-bootstrap-executor-0] INFO  c.n.d.s.r.aws.ConfigClusterResolver - Resolving eureka endpoints via configuration
2018-11-20 15:34:55 15004980 [AsyncResolver-bootstrap-executor-0] INFO  c.n.d.s.r.aws.ConfigClusterResolver - Resolving eureka endpoints via configuration
2018-11-20 15:39:55 15304985 [AsyncResolver-bootstrap-executor-0] INFO  c.n.d.s.r.aws.ConfigClusterResolver - Resolving eureka endpoints via configuration
2018-11-20 15:44:55 15604991 [AsyncResolver-bootstrap-executor-0] INFO  c.n.d.s.r.aws.ConfigClusterResolver - Resolving eureka endpoints via configuration
2018-11-20 15:49:55 15904999 [AsyncResolver-bootstrap-executor-0] INFO  c.n.d.s.r.aws.ConfigClusterResolver - Resolving eureka endpoints via configuration
2018-11-20 15:54:55 16205004 [AsyncResolver-bootstrap-executor-0] INFO  c.n.d.s.r.aws.ConfigClusterResolver - Resolving eureka endpoints via configuration
2018-11-20 15:59:55 16505016 [AsyncResolver-bootstrap-executor-0] INFO  c.n.d.s.r.aws.ConfigClusterResolver - Resolving eureka endpoints via configuration
2018-11-20 16:04:55 16805021 [AsyncResolver-bootstrap-executor-0] INFO  c.n.d.s.r.aws.ConfigClusterResolver - Resolving eureka endpoints via configuration
2018-11-20 16:09:55 17105032 [AsyncResolver-bootstrap-executor-0] INFO  c.n.d.s.r.aws.ConfigClusterResolver - Resolving eureka endpoints via configuration
2018-11-20 16:14:55 17405040 [AsyncResolver-bootstrap-executor-0] INFO  c.n.d.s.r.aws.ConfigClusterResolver - Resolving eureka endpoints via configuration
2018-11-20 16:19:55 17705047 [AsyncResolver-bootstrap-executor-0] INFO  c.n.d.s.r.aws.ConfigClusterResolver - Resolving eureka endpoints via configuration
2018-11-20 16:24:55 18005051 [AsyncResolver-bootstrap-executor-0] INFO  c.n.d.s.r.aws.ConfigClusterResolver - Resolving eureka endpoints via configuration
2018-11-20 16:29:55 18305056 [AsyncResolver-bootstrap-executor-0] INFO  c.n.d.s.r.aws.ConfigClusterResolver - Resolving eureka endpoints via configuration
2018-11-20 16:34:55 18605060 [AsyncResolver-bootstrap-executor-0] INFO  c.n.d.s.r.aws.ConfigClusterResolver - Resolving eureka endpoints via configuration
2018-11-20 16:39:55 18905075 [AsyncResolver-bootstrap-executor-0] INFO  c.n.d.s.r.aws.ConfigClusterResolver - Resolving eureka endpoints via configuration
2018-11-20 16:44:55 19205079 [AsyncResolver-bootstrap-executor-0] INFO  c.n.d.s.r.aws.ConfigClusterResolver - Resolving eureka endpoints via configuration
2018-11-20 16:49:55 19505089 [AsyncResolver-bootstrap-executor-0] INFO  c.n.d.s.r.aws.ConfigClusterResolver - Resolving eureka endpoints via configuration
2018-11-20 16:54:55 19805092 [AsyncResolver-bootstrap-executor-0] INFO  c.n.d.s.r.aws.ConfigClusterResolver - Resolving eureka endpoints via configuration
2018-11-20 16:59:55 20105103 [AsyncResolver-bootstrap-executor-0] INFO  c.n.d.s.r.aws.ConfigClusterResolver - Resolving eureka endpoints via configuration
2018-11-20 17:04:55 20405109 [AsyncResolver-bootstrap-executor-0] INFO  c.n.d.s.r.aws.ConfigClusterResolver - Resolving eureka endpoints via configuration
2018-11-20 17:09:55 20705113 [AsyncResolver-bootstrap-executor-0] INFO  c.n.d.s.r.aws.ConfigClusterResolver - Resolving eureka endpoints via configuration
2018-11-20 17:14:55 21005118 [AsyncResolver-bootstrap-executor-0] INFO  c.n.d.s.r.aws.ConfigClusterResolver - Resolving eureka endpoints via configuration
2018-11-20 17:19:55 21305123 [AsyncResolver-bootstrap-executor-0] INFO  c.n.d.s.r.aws.ConfigClusterResolver - Resolving eureka endpoints via configuration
2018-11-20 17:27:34 21763713 [Thread-27] WARN  c.netflix.discovery.DiscoveryClient - Saw local status change event StatusChangeEvent [timestamp=1542706054519, current=DOWN, previous=UP]
2018-11-20 17:27:34 21763716 [DiscoveryClient-InstanceInfoReplicator-0] INFO  c.netflix.discovery.DiscoveryClient - DiscoveryClient_NOTE-SYSTEM-SERVERS/192.168.2.114:note-system-servers:8999: registering service...
2018-11-20 17:27:34 21763840 [DiscoveryClient-InstanceInfoReplicator-0] ERROR c.n.d.s.t.d.RedirectingEurekaHttpClient - Request execution error
com.sun.jersey.api.client.ClientHandlerException: org.apache.http.client.ClientProtocolException
	at com.sun.jersey.client.apache4.ApacheHttpClient4Handler.handle(ApacheHttpClient4Handler.java:187)
	at com.sun.jersey.api.client.filter.GZIPContentEncodingFilter.handle(GZIPContentEncodingFilter.java:123)
	at com.netflix.discovery.EurekaIdentityHeaderFilter.handle(EurekaIdentityHeaderFilter.java:27)
	at com.sun.jersey.api.client.Client.handle(Client.java:652)
	at com.sun.jersey.api.client.WebResource.handle(WebResource.java:682)
	at com.sun.jersey.api.client.WebResource.access$200(WebResource.java:74)
	at com.sun.jersey.api.client.WebResource$Builder.post(WebResource.java:570)
	at com.netflix.discovery.shared.transport.jersey.AbstractJerseyEurekaHttpClient.register(AbstractJerseyEurekaHttpClient.java:56)
	at com.netflix.discovery.shared.transport.decorator.EurekaHttpClientDecorator$1.execute(EurekaHttpClientDecorator.java:59)
	at com.netflix.discovery.shared.transport.decorator.MetricsCollectingEurekaHttpClient.execute(MetricsCollectingEurekaHttpClient.java:73)
	at com.netflix.discovery.shared.transport.decorator.EurekaHttpClientDecorator.register(EurekaHttpClientDecorator.java:56)
	at com.netflix.discovery.shared.transport.decorator.EurekaHttpClientDecorator$1.execute(EurekaHttpClientDecorator.java:59)
	at com.netflix.discovery.shared.transport.decorator.RedirectingEurekaHttpClient.executeOnNewServer(RedirectingEurekaHttpClient.java:118)
	at com.netflix.discovery.shared.transport.decorator.RedirectingEurekaHttpClient.execute(RedirectingEurekaHttpClient.java:79)
	at com.netflix.discovery.shared.transport.decorator.EurekaHttpClientDecorator.register(EurekaHttpClientDecorator.java:56)
	at com.netflix.discovery.shared.transport.decorator.EurekaHttpClientDecorator$1.execute(EurekaHttpClientDecorator.java:59)
	at com.netflix.discovery.shared.transport.decorator.RetryableEurekaHttpClient.execute(RetryableEurekaHttpClient.java:120)
	at com.netflix.discovery.shared.transport.decorator.EurekaHttpClientDecorator.register(EurekaHttpClientDecorator.java:56)
	at com.netflix.discovery.shared.transport.decorator.EurekaHttpClientDecorator$1.execute(EurekaHttpClientDecorator.java:59)
	at com.netflix.discovery.shared.transport.decorator.SessionedEurekaHttpClient.execute(SessionedEurekaHttpClient.java:77)
	at com.netflix.discovery.shared.transport.decorator.EurekaHttpClientDecorator.register(EurekaHttpClientDecorator.java:56)
	at com.netflix.discovery.DiscoveryClient.register(DiscoveryClient.java:829)
	at com.netflix.discovery.InstanceInfoReplicator.run(InstanceInfoReplicator.java:121)
	at com.netflix.discovery.InstanceInfoReplicator$1.run(InstanceInfoReplicator.java:101)
	at java.util.concurrent.Executors$RunnableAdapter.call(Executors.java:511)
	at java.util.concurrent.FutureTask.run(FutureTask.java:266)
	at java.util.concurrent.ScheduledThreadPoolExecutor$ScheduledFutureTask.access$201(ScheduledThreadPoolExecutor.java:180)
	at java.util.concurrent.ScheduledThreadPoolExecutor$ScheduledFutureTask.run(ScheduledThreadPoolExecutor.java:293)
	at java.util.concurrent.ThreadPoolExecutor.runWorker(ThreadPoolExecutor.java:1142)
	at java.util.concurrent.ThreadPoolExecutor$Worker.run(ThreadPoolExecutor.java:617)
	at java.lang.Thread.run(Thread.java:745)
Caused by: org.apache.http.client.ClientProtocolException: null
	at org.apache.http.impl.client.AbstractHttpClient.doExecute(AbstractHttpClient.java:839)
	at org.apache.http.impl.client.CloseableHttpClient.execute(CloseableHttpClient.java:118)
	at org.apache.http.impl.client.CloseableHttpClient.execute(CloseableHttpClient.java:56)
	at com.sun.jersey.client.apache4.ApacheHttpClient4Handler.handle(ApacheHttpClient4Handler.java:173)
	... 30 common frames omitted
Caused by: org.apache.http.client.NonRepeatableRequestException: Cannot retry request with a non-repeatable request entity.  The cause lists the reason the original request failed.
	at org.apache.http.impl.client.DefaultRequestDirector.tryExecute(DefaultRequestDirector.java:658)
	at org.apache.http.impl.client.DefaultRequestDirector.execute(DefaultRequestDirector.java:486)
	at org.apache.http.impl.client.AbstractHttpClient.doExecute(AbstractHttpClient.java:835)
	... 33 common frames omitted
Caused by: java.net.SocketException: Broken pipe
	at java.net.SocketOutputStream.socketWrite0(Native Method)
	at java.net.SocketOutputStream.socketWrite(SocketOutputStream.java:109)
	at java.net.SocketOutputStream.write(SocketOutputStream.java:153)
	at org.apache.http.impl.io.AbstractSessionOutputBuffer.flushBuffer(AbstractSessionOutputBuffer.java:160)
	at org.apache.http.impl.io.AbstractSessionOutputBuffer.flush(AbstractSessionOutputBuffer.java:168)
	at org.apache.http.impl.io.ChunkedOutputStream.flush(ChunkedOutputStream.java:192)
	at com.fasterxml.jackson.core.json.UTF8JsonGenerator.flush(UTF8JsonGenerator.java:1100)
	at com.fasterxml.jackson.databind.ObjectMapper.writeValue(ObjectMapper.java:2657)
	at com.fasterxml.jackson.core.base.GeneratorBase.writeObject(GeneratorBase.java:381)
	at com.fasterxml.jackson.core.JsonGenerator.writeObjectField(JsonGenerator.java:1726)
	at com.netflix.discovery.converters.EurekaJacksonCodec$InstanceInfoSerializer.serialize(EurekaJacksonCodec.java:371)
	at com.netflix.discovery.converters.EurekaJacksonCodec$InstanceInfoSerializer.serialize(EurekaJacksonCodec.java:327)
	at com.fasterxml.jackson.databind.ser.DefaultSerializerProvider._serialize(DefaultSerializerProvider.java:468)
	at com.fasterxml.jackson.databind.ser.DefaultSerializerProvider.serializeValue(DefaultSerializerProvider.java:397)
	at com.fasterxml.jackson.databind.ObjectWriter$Prefetch.serialize(ObjectWriter.java:1392)
	at com.fasterxml.jackson.databind.ObjectWriter._configAndWriteValue(ObjectWriter.java:1120)
	at com.fasterxml.jackson.databind.ObjectWriter.writeValue(ObjectWriter.java:950)
	at com.netflix.discovery.converters.EurekaJacksonCodec.writeTo(EurekaJacksonCodec.java:221)
	at com.netflix.discovery.converters.wrappers.CodecWrappers$LegacyJacksonJson.encode(CodecWrappers.java:304)
	at com.netflix.discovery.provider.DiscoveryJerseyProvider.writeTo(DiscoveryJerseyProvider.java:135)
	at com.sun.jersey.api.client.RequestWriter$RequestEntityWriterImpl.writeRequestEntity(RequestWriter.java:231)
	at com.sun.jersey.client.apache4.ApacheHttpClient4Handler$2.writeTo(ApacheHttpClient4Handler.java:289)
	at org.apache.http.entity.HttpEntityWrapper.writeTo(HttpEntityWrapper.java:94)
	at org.apache.http.impl.client.EntityEnclosingRequestWrapper$EntityWrapper.writeTo(EntityEnclosingRequestWrapper.java:110)
	at org.apache.http.impl.entity.EntitySerializer.serialize(EntitySerializer.java:118)
	at org.apache.http.impl.AbstractHttpClientConnection.sendRequestEntity(AbstractHttpClientConnection.java:266)
	at org.apache.http.impl.conn.AbstractClientConnAdapter.sendRequestEntity(AbstractClientConnAdapter.java:239)
	at org.apache.http.protocol.HttpRequestExecutor.doSendRequest(HttpRequestExecutor.java:238)
	at org.apache.http.protocol.HttpRequestExecutor.execute(HttpRequestExecutor.java:123)
	at org.apache.http.impl.client.DefaultRequestDirector.tryExecute(DefaultRequestDirector.java:684)
	... 35 common frames omitted
	Suppressed: java.net.SocketException: Broken pipe
		at java.net.SocketOutputStream.socketWrite0(Native Method)
		at java.net.SocketOutputStream.socketWrite(SocketOutputStream.java:109)
		at java.net.SocketOutputStream.write(SocketOutputStream.java:153)
		at org.apache.http.impl.io.AbstractSessionOutputBuffer.flushBuffer(AbstractSessionOutputBuffer.java:160)
		at org.apache.http.impl.io.AbstractSessionOutputBuffer.flush(AbstractSessionOutputBuffer.java:168)
		at org.apache.http.impl.io.ChunkedOutputStream.close(ChunkedOutputStream.java:203)
		at com.fasterxml.jackson.core.json.UTF8JsonGenerator.close(UTF8JsonGenerator.java:1138)
		at com.fasterxml.jackson.databind.util.ClassUtil.closeOnFailAndThrowAsIOE(ClassUtil.java:487)
		at com.fasterxml.jackson.databind.ObjectWriter._configAndWriteValue(ObjectWriter.java:1122)
		... 49 common frames omitted
2018-11-20 17:27:34 21763841 [DiscoveryClient-InstanceInfoReplicator-0] WARN  c.n.d.s.t.d.RetryableEurekaHttpClient - Request execution failed with message: org.apache.http.client.ClientProtocolException
2018-11-20 17:27:34 21763873 [DiscoveryClient-InstanceInfoReplicator-0] WARN  c.netflix.discovery.DiscoveryClient - DiscoveryClient_NOTE-SYSTEM-SERVERS/192.168.2.114:note-system-servers:8999 - registration failed Cannot execute request on any known server
com.netflix.discovery.shared.transport.TransportException: Cannot execute request on any known server
	at com.netflix.discovery.shared.transport.decorator.RetryableEurekaHttpClient.execute(RetryableEurekaHttpClient.java:112)
	at com.netflix.discovery.shared.transport.decorator.EurekaHttpClientDecorator.register(EurekaHttpClientDecorator.java:56)
	at com.netflix.discovery.shared.transport.decorator.EurekaHttpClientDecorator$1.execute(EurekaHttpClientDecorator.java:59)
	at com.netflix.discovery.shared.transport.decorator.SessionedEurekaHttpClient.execute(SessionedEurekaHttpClient.java:77)
	at com.netflix.discovery.shared.transport.decorator.EurekaHttpClientDecorator.register(EurekaHttpClientDecorator.java:56)
	at com.netflix.discovery.DiscoveryClient.register(DiscoveryClient.java:829)
	at com.netflix.discovery.InstanceInfoReplicator.run(InstanceInfoReplicator.java:121)
	at com.netflix.discovery.InstanceInfoReplicator$1.run(InstanceInfoReplicator.java:101)
	at java.util.concurrent.Executors$RunnableAdapter.call(Executors.java:511)
	at java.util.concurrent.FutureTask.run(FutureTask.java:266)
	at java.util.concurrent.ScheduledThreadPoolExecutor$ScheduledFutureTask.access$201(ScheduledThreadPoolExecutor.java:180)
	at java.util.concurrent.ScheduledThreadPoolExecutor$ScheduledFutureTask.run(ScheduledThreadPoolExecutor.java:293)
	at java.util.concurrent.ThreadPoolExecutor.runWorker(ThreadPoolExecutor.java:1142)
	at java.util.concurrent.ThreadPoolExecutor$Worker.run(ThreadPoolExecutor.java:617)
	at java.lang.Thread.run(Thread.java:745)
2018-11-20 17:27:34 21763874 [DiscoveryClient-InstanceInfoReplicator-0] WARN  c.n.d.InstanceInfoReplicator - There was a problem with the instance info replicator
com.netflix.discovery.shared.transport.TransportException: Cannot execute request on any known server
	at com.netflix.discovery.shared.transport.decorator.RetryableEurekaHttpClient.execute(RetryableEurekaHttpClient.java:112)
	at com.netflix.discovery.shared.transport.decorator.EurekaHttpClientDecorator.register(EurekaHttpClientDecorator.java:56)
	at com.netflix.discovery.shared.transport.decorator.EurekaHttpClientDecorator$1.execute(EurekaHttpClientDecorator.java:59)
	at com.netflix.discovery.shared.transport.decorator.SessionedEurekaHttpClient.execute(SessionedEurekaHttpClient.java:77)
	at com.netflix.discovery.shared.transport.decorator.EurekaHttpClientDecorator.register(EurekaHttpClientDecorator.java:56)
	at com.netflix.discovery.DiscoveryClient.register(DiscoveryClient.java:829)
	at com.netflix.discovery.InstanceInfoReplicator.run(InstanceInfoReplicator.java:121)
	at com.netflix.discovery.InstanceInfoReplicator$1.run(InstanceInfoReplicator.java:101)
	at java.util.concurrent.Executors$RunnableAdapter.call(Executors.java:511)
	at java.util.concurrent.FutureTask.run(FutureTask.java:266)
	at java.util.concurrent.ScheduledThreadPoolExecutor$ScheduledFutureTask.access$201(ScheduledThreadPoolExecutor.java:180)
	at java.util.concurrent.ScheduledThreadPoolExecutor$ScheduledFutureTask.run(ScheduledThreadPoolExecutor.java:293)
	at java.util.concurrent.ThreadPoolExecutor.runWorker(ThreadPoolExecutor.java:1142)
	at java.util.concurrent.ThreadPoolExecutor$Worker.run(ThreadPoolExecutor.java:617)
	at java.lang.Thread.run(Thread.java:745)
2018-11-20 17:27:34 21763919 [Thread-27] INFO  c.a.druid.pool.DruidDataSource - {dataSource-1} closed
2018-11-20 17:27:34 21763924 [Thread-27] INFO  c.netflix.discovery.DiscoveryClient - Shutting down DiscoveryClient ...
