2018-10-30 09:53:02 1023 [main] INFO  o.s.c.a.AnnotationConfigApplicationContext - Refreshing org.springframework.context.annotation.AnnotationConfigApplicationContext@4fbdc0f0: startup date [Tue Oct 30 09:53:02 CST 2018]; root of context hierarchy
2018-10-30 09:53:02 1493 [main] INFO  o.s.b.f.a.AutowiredAnnotationBeanPostProcessor - JSR-330 'javax.inject.Inject' annotation found and supported for autowiring
2018-10-30 09:53:02 1538 [main] INFO  o.s.c.s.PostProcessorRegistrationDelegate$BeanPostProcessorChecker - Bean 'configurationPropertiesRebinderAutoConfiguration' of type [org.springframework.cloud.autoconfigure.ConfigurationPropertiesRebinderAutoConfiguration$$EnhancerBySpringCGLIB$$83ef2a48] is not eligible for getting processed by all BeanPostProcessors (for example: not eligible for auto-proxying)
2018-10-30 09:53:03 1802 [main] INFO  c.b.n.NoteAdminRibbonApplicationTests - No active profile set, falling back to default profiles: default
2018-10-30 09:53:03 1813 [main] INFO  o.s.w.c.s.GenericWebApplicationContext - Refreshing org.springframework.web.context.support.GenericWebApplicationContext@77cb9cd1: startup date [Tue Oct 30 09:53:03 CST 2018]; parent: org.springframework.context.annotation.AnnotationConfigApplicationContext@4fbdc0f0
2018-10-30 09:53:03 2495 [main] INFO  o.s.b.f.s.DefaultListableBeanFactory - Overriding alias 'note-gateway-apiFeignClient' definition for registered name 'com.books.noteadminribbon.service.book.BookMstAPI' with new target name 'com.books.noteadminribbon.service.system.UserMstAPI'
2018-10-30 09:53:04 3063 [main] INFO  o.s.c.context.scope.GenericScope - BeanFactory id=49d9a96f-38b2-3100-8268-68ef88613090
2018-10-30 09:53:04 3124 [main] INFO  o.s.b.f.a.AutowiredAnnotationBeanPostProcessor - JSR-330 'javax.inject.Inject' annotation found and supported for autowiring
2018-10-30 09:53:04 3290 [main] INFO  o.s.c.s.PostProcessorRegistrationDelegate$BeanPostProcessorChecker - Bean 'org.springframework.cloud.autoconfigure.ConfigurationPropertiesRebinderAutoConfiguration' of type [org.springframework.cloud.autoconfigure.ConfigurationPropertiesRebinderAutoConfiguration$$EnhancerBySpringCGLIB$$83ef2a48] is not eligible for getting processed by all BeanPostProcessors (for example: not eligible for auto-proxying)
2018-10-30 09:53:04 3649 [main] WARN  c.n.c.s.URLConfigurationSource - No URLs will be polled as dynamic configuration sources.
2018-10-30 09:53:04 3649 [main] INFO  c.n.c.s.URLConfigurationSource - To enable URLs as dynamic configuration sources, define System property archaius.configurationSource.additionalUrls or make config.properties available on classpath.
2018-10-30 09:53:04 3665 [main] WARN  c.n.c.s.URLConfigurationSource - No URLs will be polled as dynamic configuration sources.
2018-10-30 09:53:04 3665 [main] INFO  c.n.c.s.URLConfigurationSource - To enable URLs as dynamic configuration sources, define System property archaius.configurationSource.additionalUrls or make config.properties available on classpath.
2018-10-30 09:53:05 3804 [main] INFO  o.s.w.s.h.SimpleUrlHandlerMapping - Mapped URL path [/**/favicon.ico] onto handler of type [class org.springframework.web.servlet.resource.ResourceHttpRequestHandler]
2018-10-30 09:53:05 4202 [main] INFO  o.s.w.s.m.m.a.RequestMappingHandlerAdapter - Looking for @ControllerAdvice: org.springframework.web.context.support.GenericWebApplicationContext@77cb9cd1: startup date [Tue Oct 30 09:53:03 CST 2018]; parent: org.springframework.context.annotation.AnnotationConfigApplicationContext@4fbdc0f0
2018-10-30 09:53:05 4296 [main] INFO  o.s.w.s.m.m.a.RequestMappingHandlerMapping - Mapped "{[/error]}" onto public org.springframework.http.ResponseEntity<java.util.Map<java.lang.String, java.lang.Object>> org.springframework.boot.autoconfigure.web.servlet.error.BasicErrorController.error(javax.servlet.http.HttpServletRequest)
2018-10-30 09:53:05 4298 [main] INFO  o.s.w.s.m.m.a.RequestMappingHandlerMapping - Mapped "{[/error],produces=[text/html]}" onto public org.springframework.web.servlet.ModelAndView org.springframework.boot.autoconfigure.web.servlet.error.BasicErrorController.errorHtml(javax.servlet.http.HttpServletRequest,javax.servlet.http.HttpServletResponse)
2018-10-30 09:53:05 4337 [main] INFO  o.s.w.s.h.SimpleUrlHandlerMapping - Mapped URL path [/webjars/**] onto handler of type [class org.springframework.web.servlet.resource.ResourceHttpRequestHandler]
2018-10-30 09:53:05 4337 [main] INFO  o.s.w.s.h.SimpleUrlHandlerMapping - Mapped URL path [/**] onto handler of type [class org.springframework.web.servlet.resource.ResourceHttpRequestHandler]
2018-10-30 09:53:05 4425 [main] WARN  o.s.b.a.t.ThymeleafAutoConfiguration$DefaultTemplateResolverConfiguration - Cannot find template location: classpath:/templates/ (please add some templates or check your Thymeleaf configuration)
2018-10-30 09:53:06 5183 [main] INFO  o.s.c.s.DefaultLifecycleProcessor - Starting beans in phase 0
2018-10-30 09:53:06 5208 [main] INFO  c.b.n.NoteAdminRibbonApplicationTests - Started NoteAdminRibbonApplicationTests in 5.256 seconds (JVM running for 8.361)
2018-10-30 09:53:06 5234 [main] INFO  o.s.c.a.AnnotationConfigApplicationContext - Refreshing FeignContext-note-gateway-api: startup date [Tue Oct 30 09:53:06 CST 2018]; parent: org.springframework.web.context.support.GenericWebApplicationContext@77cb9cd1
2018-10-30 09:53:06 5260 [main] INFO  o.s.b.f.a.AutowiredAnnotationBeanPostProcessor - JSR-330 'javax.inject.Inject' annotation found and supported for autowiring
2018-10-30 09:53:06 5603 [main] INFO  o.s.c.a.AnnotationConfigApplicationContext - Refreshing SpringClientFactory-note-gateway-api: startup date [Tue Oct 30 09:53:06 CST 2018]; parent: org.springframework.web.context.support.GenericWebApplicationContext@77cb9cd1
2018-10-30 09:53:06 5697 [main] INFO  o.s.b.f.a.AutowiredAnnotationBeanPostProcessor - JSR-330 'javax.inject.Inject' annotation found and supported for autowiring
2018-10-30 09:53:07 6259 [main] INFO  c.n.config.ChainedDynamicProperty - Flipping property: note-gateway-api.ribbon.ActiveConnectionsLimit to use NEXT property: niws.loadbalancer.availabilityFilteringRule.activeConnectionsLimit = 2147483647
2018-10-30 09:53:07 6288 [main] INFO  c.n.u.c.ShutdownEnabledTimer - Shutdown hook installed for: NFLoadBalancer-PingTimer-note-gateway-api
2018-10-30 09:53:07 6391 [main] INFO  c.n.loadbalancer.BaseLoadBalancer - Client: note-gateway-api instantiated a LoadBalancer: DynamicServerListLoadBalancer:{NFLoadBalancer:name=note-gateway-api,current list of Servers=[],Load balancer stats=Zone stats: {},Server stats: []}ServerList:null
2018-10-30 09:53:07 6405 [main] INFO  c.n.l.DynamicServerListLoadBalancer - Using serverListUpdater PollingServerListUpdater
2018-10-30 09:53:07 6422 [main] INFO  o.s.c.n.eureka.InstanceInfoFactory - Setting initial instance status as: STARTING
2018-10-30 09:53:07 6454 [main] INFO  c.netflix.discovery.DiscoveryClient - Initializing Eureka in region us-east-1
2018-10-30 09:53:07 6568 [main] INFO  c.n.d.p.DiscoveryJerseyProvider - Using JSON encoding codec LegacyJacksonJson
2018-10-30 09:53:07 6568 [main] INFO  c.n.d.p.DiscoveryJerseyProvider - Using JSON decoding codec LegacyJacksonJson
2018-10-30 09:53:08 6789 [main] INFO  c.n.d.p.DiscoveryJerseyProvider - Using XML encoding codec XStreamXml
2018-10-30 09:53:08 6791 [main] INFO  c.n.d.p.DiscoveryJerseyProvider - Using XML decoding codec XStreamXml
2018-10-30 09:53:08 7082 [main] INFO  c.n.d.s.r.aws.ConfigClusterResolver - Resolving eureka endpoints via configuration
2018-10-30 09:53:08 7110 [main] INFO  c.netflix.discovery.DiscoveryClient - Disable delta property : false
2018-10-30 09:53:08 7111 [main] INFO  c.netflix.discovery.DiscoveryClient - Single vip registry refresh property : null
2018-10-30 09:53:08 7111 [main] INFO  c.netflix.discovery.DiscoveryClient - Force full registry fetch : false
2018-10-30 09:53:08 7111 [main] INFO  c.netflix.discovery.DiscoveryClient - Application is null : false
2018-10-30 09:53:08 7111 [main] INFO  c.netflix.discovery.DiscoveryClient - Registered Applications size is zero : true
2018-10-30 09:53:08 7112 [main] INFO  c.netflix.discovery.DiscoveryClient - Application version is -1: true
2018-10-30 09:53:08 7112 [main] INFO  c.netflix.discovery.DiscoveryClient - Getting all instance registry info from the eureka server
2018-10-30 09:53:08 7370 [main] INFO  c.netflix.discovery.DiscoveryClient - The response status is 200
2018-10-30 09:53:08 7380 [main] INFO  c.netflix.discovery.DiscoveryClient - Starting heartbeat executor: renew interval is: 30
2018-10-30 09:53:08 7384 [main] INFO  c.n.d.InstanceInfoReplicator - InstanceInfoReplicator onDemand update allowed rate per min is 4
2018-10-30 09:53:08 7392 [main] INFO  c.netflix.discovery.DiscoveryClient - Discovery Client initialized at timestamp 1540864388666 with initial instances count: 4
2018-10-30 09:53:08 7436 [main] INFO  c.n.l.DynamicServerListLoadBalancer - DynamicServerListLoadBalancer for client note-gateway-api initialized: DynamicServerListLoadBalancer:{NFLoadBalancer:name=note-gateway-api,current list of Servers=[192.168.2.109:8997],Load balancer stats=Zone stats: {},Server stats: [[Server:192.168.2.109:8997;	Zone:defaultZone;	Total Requests:0;	Successive connection failure:0;	Total blackout seconds:0;	Last connection made:Thu Jan 01 08:00:00 CST 1970;	First connection made: Thu Jan 01 08:00:00 CST 1970;	Active Connections:0;	total failure count in last (1000) msecs:0;	average resp time:0.0;	90 percentile resp time:0.0;	95 percentile resp time:0.0;	min resp time:0.0;	max resp time:0.0;	stddev resp time:0.0]
]}ServerList:org.springframework.cloud.netflix.ribbon.eureka.DomainExtractingServerList@1e32037d
2018-10-30 09:53:08 7440 [PollingServerListUpdater-0] INFO  c.n.config.ChainedDynamicProperty - Flipping property: note-gateway-api.ribbon.ActiveConnectionsLimit to use NEXT property: niws.loadbalancer.availabilityFilteringRule.activeConnectionsLimit = 2147483647
2018-10-30 09:53:10 9638 [Thread-21] INFO  c.n.l.PollingServerListUpdater - Shutting down the Executor Pool for PollingServerListUpdater
2018-10-30 09:53:10 9644 [Thread-17] WARN  c.netflix.discovery.DiscoveryClient - Saw local status change event StatusChangeEvent [timestamp=1540864390920, current=DOWN, previous=STARTING]
2018-10-30 09:53:10 9656 [DiscoveryClient-InstanceInfoReplicator-0] INFO  c.netflix.discovery.DiscoveryClient - DiscoveryClient_NOTE-ADMIN-RIBBON/192.168.2.109:note-admin-ribbon:-1: registering service...
2018-10-30 09:53:10 9675 [Thread-17] INFO  c.n.u.c.ShutdownEnabledTimer - Shutdown hook removed for: NFLoadBalancer-PingTimer-note-gateway-api
2018-10-30 09:53:10 9680 [Thread-17] INFO  c.n.u.c.ShutdownEnabledTimer - Exception caught (might be ok if at shutdown)
java.lang.IllegalStateException: Shutdown in progress
	at java.lang.ApplicationShutdownHooks.remove(ApplicationShutdownHooks.java:82)
	at java.lang.Runtime.removeShutdownHook(Runtime.java:239)
	at com.netflix.util.concurrent.ShutdownEnabledTimer.cancel(ShutdownEnabledTimer.java:70)
	at com.netflix.loadbalancer.BaseLoadBalancer.cancelPingTask(BaseLoadBalancer.java:613)
	at com.netflix.loadbalancer.BaseLoadBalancer.shutdown(BaseLoadBalancer.java:864)
	at com.netflix.loadbalancer.DynamicServerListLoadBalancer.shutdown(DynamicServerListLoadBalancer.java:285)
	at sun.reflect.NativeMethodAccessorImpl.invoke0(Native Method)
	at sun.reflect.NativeMethodAccessorImpl.invoke(NativeMethodAccessorImpl.java:62)
	at sun.reflect.DelegatingMethodAccessorImpl.invoke(DelegatingMethodAccessorImpl.java:43)
	at java.lang.reflect.Method.invoke(Method.java:498)
	at org.springframework.beans.factory.support.DisposableBeanAdapter.invokeCustomDestroyMethod(DisposableBeanAdapter.java:337)
	at org.springframework.beans.factory.support.DisposableBeanAdapter.destroy(DisposableBeanAdapter.java:271)
	at org.springframework.beans.factory.support.DefaultSingletonBeanRegistry.destroyBean(DefaultSingletonBeanRegistry.java:571)
	at org.springframework.beans.factory.support.DefaultSingletonBeanRegistry.destroySingleton(DefaultSingletonBeanRegistry.java:543)
	at org.springframework.beans.factory.support.DefaultListableBeanFactory.destroySingleton(DefaultListableBeanFactory.java:954)
	at org.springframework.beans.factory.support.DefaultSingletonBeanRegistry.destroySingletons(DefaultSingletonBeanRegistry.java:504)
	at org.springframework.beans.factory.support.DefaultListableBeanFactory.destroySingletons(DefaultListableBeanFactory.java:961)
	at org.springframework.context.support.AbstractApplicationContext.destroyBeans(AbstractApplicationContext.java:1039)
	at org.springframework.context.support.AbstractApplicationContext.doClose(AbstractApplicationContext.java:1015)
	at org.springframework.context.support.AbstractApplicationContext.close(AbstractApplicationContext.java:965)
	at org.springframework.cloud.context.named.NamedContextFactory.destroy(NamedContextFactory.java:76)
	at org.springframework.beans.factory.support.DisposableBeanAdapter.destroy(DisposableBeanAdapter.java:256)
	at org.springframework.beans.factory.support.DefaultSingletonBeanRegistry.destroyBean(DefaultSingletonBeanRegistry.java:571)
	at org.springframework.beans.factory.support.DefaultSingletonBeanRegistry.destroySingleton(DefaultSingletonBeanRegistry.java:543)
	at org.springframework.beans.factory.support.DefaultListableBeanFactory.destroySingleton(DefaultListableBeanFactory.java:954)
	at org.springframework.beans.factory.support.DefaultSingletonBeanRegistry.destroySingletons(DefaultSingletonBeanRegistry.java:504)
	at org.springframework.beans.factory.support.DefaultListableBeanFactory.destroySingletons(DefaultListableBeanFactory.java:961)
	at org.springframework.context.support.AbstractApplicationContext.destroyBeans(AbstractApplicationContext.java:1039)
	at org.springframework.context.support.AbstractApplicationContext.doClose(AbstractApplicationContext.java:1015)
	at org.springframework.context.support.AbstractApplicationContext$1.run(AbstractApplicationContext.java:935)
2018-10-30 09:53:10 9699 [Thread-17] INFO  c.netflix.discovery.DiscoveryClient - Shutting down DiscoveryClient ...
2018-10-30 09:54:32 996  [main] INFO  o.s.c.a.AnnotationConfigApplicationContext - Refreshing org.springframework.context.annotation.AnnotationConfigApplicationContext@70e659aa: startup date [Tue Oct 30 09:54:32 CST 2018]; root of context hierarchy
2018-10-30 09:54:33 1535 [main] INFO  o.s.b.f.a.AutowiredAnnotationBeanPostProcessor - JSR-330 'javax.inject.Inject' annotation found and supported for autowiring
2018-10-30 09:54:33 1600 [main] INFO  o.s.c.s.PostProcessorRegistrationDelegate$BeanPostProcessorChecker - Bean 'configurationPropertiesRebinderAutoConfiguration' of type [org.springframework.cloud.autoconfigure.ConfigurationPropertiesRebinderAutoConfiguration$$EnhancerBySpringCGLIB$$afd90f3d] is not eligible for getting processed by all BeanPostProcessors (for example: not eligible for auto-proxying)
2018-10-30 09:54:33 1937 [main] INFO  c.b.n.NoteAdminRibbonApplicationTests - No active profile set, falling back to default profiles: default
2018-10-30 09:54:33 1943 [main] INFO  o.s.w.c.s.GenericWebApplicationContext - Refreshing org.springframework.web.context.support.GenericWebApplicationContext@105b693d: startup date [Tue Oct 30 09:54:33 CST 2018]; parent: org.springframework.context.annotation.AnnotationConfigApplicationContext@70e659aa
2018-10-30 09:54:34 2442 [main] INFO  o.s.b.f.s.DefaultListableBeanFactory - Overriding alias 'note-gateway-apiFeignClient' definition for registered name 'com.books.noteadminribbon.service.book.BookMstAPI' with new target name 'com.books.noteadminribbon.service.system.UserMstAPI'
2018-10-30 09:54:34 2941 [main] INFO  o.s.c.context.scope.GenericScope - BeanFactory id=49d9a96f-38b2-3100-8268-68ef88613090
2018-10-30 09:54:34 3029 [main] INFO  o.s.b.f.a.AutowiredAnnotationBeanPostProcessor - JSR-330 'javax.inject.Inject' annotation found and supported for autowiring
2018-10-30 09:54:35 3219 [main] INFO  o.s.c.s.PostProcessorRegistrationDelegate$BeanPostProcessorChecker - Bean 'org.springframework.cloud.autoconfigure.ConfigurationPropertiesRebinderAutoConfiguration' of type [org.springframework.cloud.autoconfigure.ConfigurationPropertiesRebinderAutoConfiguration$$EnhancerBySpringCGLIB$$afd90f3d] is not eligible for getting processed by all BeanPostProcessors (for example: not eligible for auto-proxying)
2018-10-30 09:54:35 3591 [main] WARN  c.n.c.s.URLConfigurationSource - No URLs will be polled as dynamic configuration sources.
2018-10-30 09:54:35 3592 [main] INFO  c.n.c.s.URLConfigurationSource - To enable URLs as dynamic configuration sources, define System property archaius.configurationSource.additionalUrls or make config.properties available on classpath.
2018-10-30 09:54:35 3599 [main] WARN  c.n.c.s.URLConfigurationSource - No URLs will be polled as dynamic configuration sources.
2018-10-30 09:54:35 3599 [main] INFO  c.n.c.s.URLConfigurationSource - To enable URLs as dynamic configuration sources, define System property archaius.configurationSource.additionalUrls or make config.properties available on classpath.
2018-10-30 09:54:35 3726 [main] INFO  o.s.w.s.h.SimpleUrlHandlerMapping - Mapped URL path [/**/favicon.ico] onto handler of type [class org.springframework.web.servlet.resource.ResourceHttpRequestHandler]
2018-10-30 09:54:35 4087 [main] INFO  o.s.w.s.m.m.a.RequestMappingHandlerAdapter - Looking for @ControllerAdvice: org.springframework.web.context.support.GenericWebApplicationContext@105b693d: startup date [Tue Oct 30 09:54:33 CST 2018]; parent: org.springframework.context.annotation.AnnotationConfigApplicationContext@70e659aa
2018-10-30 09:54:36 4183 [main] INFO  o.s.w.s.m.m.a.RequestMappingHandlerMapping - Mapped "{[/error]}" onto public org.springframework.http.ResponseEntity<java.util.Map<java.lang.String, java.lang.Object>> org.springframework.boot.autoconfigure.web.servlet.error.BasicErrorController.error(javax.servlet.http.HttpServletRequest)
2018-10-30 09:54:36 4185 [main] INFO  o.s.w.s.m.m.a.RequestMappingHandlerMapping - Mapped "{[/error],produces=[text/html]}" onto public org.springframework.web.servlet.ModelAndView org.springframework.boot.autoconfigure.web.servlet.error.BasicErrorController.errorHtml(javax.servlet.http.HttpServletRequest,javax.servlet.http.HttpServletResponse)
2018-10-30 09:54:36 4226 [main] INFO  o.s.w.s.h.SimpleUrlHandlerMapping - Mapped URL path [/webjars/**] onto handler of type [class org.springframework.web.servlet.resource.ResourceHttpRequestHandler]
2018-10-30 09:54:36 4226 [main] INFO  o.s.w.s.h.SimpleUrlHandlerMapping - Mapped URL path [/**] onto handler of type [class org.springframework.web.servlet.resource.ResourceHttpRequestHandler]
2018-10-30 09:54:36 4311 [main] WARN  o.s.b.a.t.ThymeleafAutoConfiguration$DefaultTemplateResolverConfiguration - Cannot find template location: classpath:/templates/ (please add some templates or check your Thymeleaf configuration)
2018-10-30 09:54:36 5083 [main] INFO  o.s.c.s.DefaultLifecycleProcessor - Starting beans in phase 0
2018-10-30 09:54:36 5105 [main] INFO  c.b.n.NoteAdminRibbonApplicationTests - Started NoteAdminRibbonApplicationTests in 5.143 seconds (JVM running for 7.007)
2018-10-30 09:54:36 5132 [main] INFO  o.s.c.a.AnnotationConfigApplicationContext - Refreshing FeignContext-note-gateway-api: startup date [Tue Oct 30 09:54:36 CST 2018]; parent: org.springframework.web.context.support.GenericWebApplicationContext@105b693d
2018-10-30 09:54:36 5158 [main] INFO  o.s.b.f.a.AutowiredAnnotationBeanPostProcessor - JSR-330 'javax.inject.Inject' annotation found and supported for autowiring
2018-10-30 09:54:37 5471 [main] INFO  o.s.c.a.AnnotationConfigApplicationContext - Refreshing SpringClientFactory-note-gateway-api: startup date [Tue Oct 30 09:54:37 CST 2018]; parent: org.springframework.web.context.support.GenericWebApplicationContext@105b693d
2018-10-30 09:54:37 5549 [main] INFO  o.s.b.f.a.AutowiredAnnotationBeanPostProcessor - JSR-330 'javax.inject.Inject' annotation found and supported for autowiring
2018-10-30 09:54:37 6019 [main] INFO  c.n.config.ChainedDynamicProperty - Flipping property: note-gateway-api.ribbon.ActiveConnectionsLimit to use NEXT property: niws.loadbalancer.availabilityFilteringRule.activeConnectionsLimit = 2147483647
2018-10-30 09:54:37 6052 [main] INFO  c.n.u.c.ShutdownEnabledTimer - Shutdown hook installed for: NFLoadBalancer-PingTimer-note-gateway-api
2018-10-30 09:54:37 6111 [main] INFO  c.n.loadbalancer.BaseLoadBalancer - Client: note-gateway-api instantiated a LoadBalancer: DynamicServerListLoadBalancer:{NFLoadBalancer:name=note-gateway-api,current list of Servers=[],Load balancer stats=Zone stats: {},Server stats: []}ServerList:null
2018-10-30 09:54:37 6146 [main] INFO  c.n.l.DynamicServerListLoadBalancer - Using serverListUpdater PollingServerListUpdater
2018-10-30 09:54:37 6162 [main] INFO  o.s.c.n.eureka.InstanceInfoFactory - Setting initial instance status as: STARTING
2018-10-30 09:54:38 6178 [main] INFO  c.netflix.discovery.DiscoveryClient - Initializing Eureka in region us-east-1
2018-10-30 09:54:38 6253 [main] INFO  c.n.d.p.DiscoveryJerseyProvider - Using JSON encoding codec LegacyJacksonJson
2018-10-30 09:54:38 6253 [main] INFO  c.n.d.p.DiscoveryJerseyProvider - Using JSON decoding codec LegacyJacksonJson
2018-10-30 09:54:38 6429 [main] INFO  c.n.d.p.DiscoveryJerseyProvider - Using XML encoding codec XStreamXml
2018-10-30 09:54:38 6429 [main] INFO  c.n.d.p.DiscoveryJerseyProvider - Using XML decoding codec XStreamXml
2018-10-30 09:54:38 6743 [main] INFO  c.n.d.s.r.aws.ConfigClusterResolver - Resolving eureka endpoints via configuration
2018-10-30 09:54:38 6776 [main] INFO  c.netflix.discovery.DiscoveryClient - Disable delta property : false
2018-10-30 09:54:38 6776 [main] INFO  c.netflix.discovery.DiscoveryClient - Single vip registry refresh property : null
2018-10-30 09:54:38 6776 [main] INFO  c.netflix.discovery.DiscoveryClient - Force full registry fetch : false
2018-10-30 09:54:38 6776 [main] INFO  c.netflix.discovery.DiscoveryClient - Application is null : false
2018-10-30 09:54:38 6777 [main] INFO  c.netflix.discovery.DiscoveryClient - Registered Applications size is zero : true
2018-10-30 09:54:38 6777 [main] INFO  c.netflix.discovery.DiscoveryClient - Application version is -1: true
2018-10-30 09:54:38 6777 [main] INFO  c.netflix.discovery.DiscoveryClient - Getting all instance registry info from the eureka server
2018-10-30 09:54:38 7049 [main] INFO  c.netflix.discovery.DiscoveryClient - The response status is 200
2018-10-30 09:54:38 7053 [main] INFO  c.netflix.discovery.DiscoveryClient - Starting heartbeat executor: renew interval is: 30
2018-10-30 09:54:38 7062 [main] INFO  c.n.d.InstanceInfoReplicator - InstanceInfoReplicator onDemand update allowed rate per min is 4
2018-10-30 09:54:38 7071 [main] INFO  c.netflix.discovery.DiscoveryClient - Discovery Client initialized at timestamp 1540864478903 with initial instances count: 4
2018-10-30 09:54:38 7101 [main] INFO  c.n.config.ChainedDynamicProperty - Flipping property: note-gateway-api.ribbon.ActiveConnectionsLimit to use NEXT property: niws.loadbalancer.availabilityFilteringRule.activeConnectionsLimit = 2147483647
2018-10-30 09:54:38 7104 [main] INFO  c.n.l.DynamicServerListLoadBalancer - DynamicServerListLoadBalancer for client note-gateway-api initialized: DynamicServerListLoadBalancer:{NFLoadBalancer:name=note-gateway-api,current list of Servers=[192.168.2.109:8997],Load balancer stats=Zone stats: {defaultzone=[Zone:defaultzone;	Instance count:1;	Active connections count: 0;	Circuit breaker tripped count: 0;	Active connections per server: 0.0;]
},Server stats: [[Server:192.168.2.109:8997;	Zone:defaultZone;	Total Requests:0;	Successive connection failure:0;	Total blackout seconds:0;	Last connection made:Thu Jan 01 08:00:00 CST 1970;	First connection made: Thu Jan 01 08:00:00 CST 1970;	Active Connections:0;	total failure count in last (1000) msecs:0;	average resp time:0.0;	90 percentile resp time:0.0;	95 percentile resp time:0.0;	min resp time:0.0;	max resp time:0.0;	stddev resp time:0.0]
]}ServerList:org.springframework.cloud.netflix.ribbon.eureka.DomainExtractingServerList@16c0be3b
2018-10-30 09:54:38 7155 [PollingServerListUpdater-0] INFO  c.n.config.ChainedDynamicProperty - Flipping property: note-gateway-api.ribbon.ActiveConnectionsLimit to use NEXT property: niws.loadbalancer.availabilityFilteringRule.activeConnectionsLimit = 2147483647
2018-10-30 09:54:42 10372 [main] WARN  c.books.notebasecore.util.JsonUtil - Invalidate json format:{"userId":1,"userName":"chen","userPhone":"18258177670","userPassword":"123","createTime":"2018-10-06T02:06:22.000+0000","updateTime":"2018-10-06T02:06:22.000+0000"}
com.google.gson.JsonSyntaxException: 2018-10-06T02:06:22.000+0000
	at com.books.notebasecore.util.ImprovedDateTypeAdapter.deserializeToDate(ImprovedDateTypeAdapter.java:86)
	at com.books.notebasecore.util.ImprovedDateTypeAdapter.read(ImprovedDateTypeAdapter.java:62)
	at com.books.notebasecore.util.ImprovedDateTypeAdapter.read(ImprovedDateTypeAdapter.java:22)
	at com.google.gson.internal.bind.ReflectiveTypeAdapterFactory$1.read(ReflectiveTypeAdapterFactory.java:131)
	at com.google.gson.internal.bind.ReflectiveTypeAdapterFactory$Adapter.read(ReflectiveTypeAdapterFactory.java:222)
	at com.google.gson.Gson.fromJson(Gson.java:927)
	at com.google.gson.Gson.fromJson(Gson.java:994)
	at com.google.gson.Gson.fromJson(Gson.java:967)
	at com.books.notebasecore.util.JsonUtil.fromJson(JsonUtil.java:98)
	at com.books.notebasecore.util.HttpJsonResult.getDataList(HttpJsonResult.java:325)
	at com.books.noteadminribbon.NoteAdminRibbonApplicationTests.userFindList(NoteAdminRibbonApplicationTests.java:34)
	at sun.reflect.NativeMethodAccessorImpl.invoke0(Native Method)
	at sun.reflect.NativeMethodAccessorImpl.invoke(NativeMethodAccessorImpl.java:62)
	at sun.reflect.DelegatingMethodAccessorImpl.invoke(DelegatingMethodAccessorImpl.java:43)
	at java.lang.reflect.Method.invoke(Method.java:498)
	at org.junit.runners.model.FrameworkMethod$1.runReflectiveCall(FrameworkMethod.java:50)
	at org.junit.internal.runners.model.ReflectiveCallable.run(ReflectiveCallable.java:12)
	at org.junit.runners.model.FrameworkMethod.invokeExplosively(FrameworkMethod.java:47)
	at org.junit.internal.runners.statements.InvokeMethod.evaluate(InvokeMethod.java:17)
	at org.springframework.test.context.junit4.statements.RunBeforeTestExecutionCallbacks.evaluate(RunBeforeTestExecutionCallbacks.java:73)
	at org.springframework.test.context.junit4.statements.RunAfterTestExecutionCallbacks.evaluate(RunAfterTestExecutionCallbacks.java:83)
	at org.springframework.test.context.junit4.statements.RunBeforeTestMethodCallbacks.evaluate(RunBeforeTestMethodCallbacks.java:75)
	at org.springframework.test.context.junit4.statements.RunAfterTestMethodCallbacks.evaluate(RunAfterTestMethodCallbacks.java:86)
	at org.springframework.test.context.junit4.statements.SpringRepeat.evaluate(SpringRepeat.java:84)
	at org.junit.runners.ParentRunner.runLeaf(ParentRunner.java:325)
	at org.springframework.test.context.junit4.SpringJUnit4ClassRunner.runChild(SpringJUnit4ClassRunner.java:251)
	at org.springframework.test.context.junit4.SpringJUnit4ClassRunner.runChild(SpringJUnit4ClassRunner.java:97)
	at org.junit.runners.ParentRunner$3.run(ParentRunner.java:290)
	at org.junit.runners.ParentRunner$1.schedule(ParentRunner.java:71)
	at org.junit.runners.ParentRunner.runChildren(ParentRunner.java:288)
	at org.junit.runners.ParentRunner.access$000(ParentRunner.java:58)
	at org.junit.runners.ParentRunner$2.evaluate(ParentRunner.java:268)
	at org.springframework.test.context.junit4.statements.RunBeforeTestClassCallbacks.evaluate(RunBeforeTestClassCallbacks.java:61)
	at org.springframework.test.context.junit4.statements.RunAfterTestClassCallbacks.evaluate(RunAfterTestClassCallbacks.java:70)
	at org.junit.runners.ParentRunner.run(ParentRunner.java:363)
	at org.springframework.test.context.junit4.SpringJUnit4ClassRunner.run(SpringJUnit4ClassRunner.java:190)
	at org.junit.runner.JUnitCore.run(JUnitCore.java:137)
	at com.intellij.junit4.JUnit4IdeaTestRunner.startRunnerWithArgs(JUnit4IdeaTestRunner.java:68)
	at com.intellij.rt.execution.junit.IdeaTestRunner$Repeater.startRunnerWithArgs(IdeaTestRunner.java:47)
	at com.intellij.rt.execution.junit.JUnitStarter.prepareStreamsAndStart(JUnitStarter.java:242)
	at com.intellij.rt.execution.junit.JUnitStarter.main(JUnitStarter.java:70)
Caused by: java.text.ParseException: Unparseable date: "2018-10-06T02:06:22.000+0000"
	at java.text.DateFormat.parse(DateFormat.java:366)
	at com.books.notebasecore.util.ImprovedDateTypeAdapter.deserializeToDate(ImprovedDateTypeAdapter.java:83)
	... 40 common frames omitted
2018-10-30 10:20:44 920  [main] INFO  o.s.c.a.AnnotationConfigApplicationContext - Refreshing org.springframework.context.annotation.AnnotationConfigApplicationContext@27eb3298: startup date [Tue Oct 30 10:20:44 CST 2018]; root of context hierarchy
2018-10-30 10:20:45 1405 [main] INFO  o.s.b.f.a.AutowiredAnnotationBeanPostProcessor - JSR-330 'javax.inject.Inject' annotation found and supported for autowiring
2018-10-30 10:20:45 1471 [main] INFO  o.s.c.s.PostProcessorRegistrationDelegate$BeanPostProcessorChecker - Bean 'configurationPropertiesRebinderAutoConfiguration' of type [org.springframework.cloud.autoconfigure.ConfigurationPropertiesRebinderAutoConfiguration$$EnhancerBySpringCGLIB$$c221d9c7] is not eligible for getting processed by all BeanPostProcessors (for example: not eligible for auto-proxying)
2018-10-30 10:20:45 1750 [main] INFO  c.b.n.NoteAdminRibbonApplicationTests - No active profile set, falling back to default profiles: default
2018-10-30 10:20:45 1757 [main] INFO  o.s.w.c.s.GenericWebApplicationContext - Refreshing org.springframework.web.context.support.GenericWebApplicationContext@5b94ccbc: startup date [Tue Oct 30 10:20:45 CST 2018]; parent: org.springframework.context.annotation.AnnotationConfigApplicationContext@27eb3298
2018-10-30 10:20:45 2201 [main] INFO  o.s.b.f.s.DefaultListableBeanFactory - Overriding alias 'note-gateway-apiFeignClient' definition for registered name 'com.books.noteadminribbon.service.book.BookMstAPI' with new target name 'com.books.noteadminribbon.service.system.UserMstAPI'
2018-10-30 10:20:46 2736 [main] INFO  o.s.c.context.scope.GenericScope - BeanFactory id=49d9a96f-38b2-3100-8268-68ef88613090
2018-10-30 10:20:46 2816 [main] INFO  o.s.b.f.a.AutowiredAnnotationBeanPostProcessor - JSR-330 'javax.inject.Inject' annotation found and supported for autowiring
2018-10-30 10:20:46 3069 [main] INFO  o.s.c.s.PostProcessorRegistrationDelegate$BeanPostProcessorChecker - Bean 'org.springframework.cloud.autoconfigure.ConfigurationPropertiesRebinderAutoConfiguration' of type [org.springframework.cloud.autoconfigure.ConfigurationPropertiesRebinderAutoConfiguration$$EnhancerBySpringCGLIB$$c221d9c7] is not eligible for getting processed by all BeanPostProcessors (for example: not eligible for auto-proxying)
2018-10-30 10:20:47 3561 [main] WARN  c.n.c.s.URLConfigurationSource - No URLs will be polled as dynamic configuration sources.
2018-10-30 10:20:47 3561 [main] INFO  c.n.c.s.URLConfigurationSource - To enable URLs as dynamic configuration sources, define System property archaius.configurationSource.additionalUrls or make config.properties available on classpath.
2018-10-30 10:20:47 3569 [main] WARN  c.n.c.s.URLConfigurationSource - No URLs will be polled as dynamic configuration sources.
2018-10-30 10:20:47 3570 [main] INFO  c.n.c.s.URLConfigurationSource - To enable URLs as dynamic configuration sources, define System property archaius.configurationSource.additionalUrls or make config.properties available on classpath.
2018-10-30 10:20:47 3699 [main] INFO  o.s.w.s.h.SimpleUrlHandlerMapping - Mapped URL path [/**/favicon.ico] onto handler of type [class org.springframework.web.servlet.resource.ResourceHttpRequestHandler]
2018-10-30 10:20:47 4059 [main] INFO  o.s.w.s.m.m.a.RequestMappingHandlerAdapter - Looking for @ControllerAdvice: org.springframework.web.context.support.GenericWebApplicationContext@5b94ccbc: startup date [Tue Oct 30 10:20:45 CST 2018]; parent: org.springframework.context.annotation.AnnotationConfigApplicationContext@27eb3298
2018-10-30 10:20:47 4159 [main] INFO  o.s.w.s.m.m.a.RequestMappingHandlerMapping - Mapped "{[/error]}" onto public org.springframework.http.ResponseEntity<java.util.Map<java.lang.String, java.lang.Object>> org.springframework.boot.autoconfigure.web.servlet.error.BasicErrorController.error(javax.servlet.http.HttpServletRequest)
2018-10-30 10:20:47 4161 [main] INFO  o.s.w.s.m.m.a.RequestMappingHandlerMapping - Mapped "{[/error],produces=[text/html]}" onto public org.springframework.web.servlet.ModelAndView org.springframework.boot.autoconfigure.web.servlet.error.BasicErrorController.errorHtml(javax.servlet.http.HttpServletRequest,javax.servlet.http.HttpServletResponse)
2018-10-30 10:20:47 4201 [main] INFO  o.s.w.s.h.SimpleUrlHandlerMapping - Mapped URL path [/webjars/**] onto handler of type [class org.springframework.web.servlet.resource.ResourceHttpRequestHandler]
2018-10-30 10:20:47 4202 [main] INFO  o.s.w.s.h.SimpleUrlHandlerMapping - Mapped URL path [/**] onto handler of type [class org.springframework.web.servlet.resource.ResourceHttpRequestHandler]
2018-10-30 10:20:47 4285 [main] WARN  o.s.b.a.t.ThymeleafAutoConfiguration$DefaultTemplateResolverConfiguration - Cannot find template location: classpath:/templates/ (please add some templates or check your Thymeleaf configuration)
2018-10-30 10:20:48 5050 [main] INFO  o.s.c.s.DefaultLifecycleProcessor - Starting beans in phase 0
2018-10-30 10:20:48 5077 [main] INFO  c.b.n.NoteAdminRibbonApplicationTests - Started NoteAdminRibbonApplicationTests in 5.11 seconds (JVM running for 7.042)
2018-10-30 10:20:48 5100 [main] INFO  o.s.c.a.AnnotationConfigApplicationContext - Refreshing FeignContext-note-gateway-api: startup date [Tue Oct 30 10:20:48 CST 2018]; parent: org.springframework.web.context.support.GenericWebApplicationContext@5b94ccbc
2018-10-30 10:20:48 5126 [main] INFO  o.s.b.f.a.AutowiredAnnotationBeanPostProcessor - JSR-330 'javax.inject.Inject' annotation found and supported for autowiring
2018-10-30 10:20:49 5404 [main] INFO  o.s.c.a.AnnotationConfigApplicationContext - Refreshing SpringClientFactory-note-gateway-api: startup date [Tue Oct 30 10:20:49 CST 2018]; parent: org.springframework.web.context.support.GenericWebApplicationContext@5b94ccbc
2018-10-30 10:20:49 5476 [main] INFO  o.s.b.f.a.AutowiredAnnotationBeanPostProcessor - JSR-330 'javax.inject.Inject' annotation found and supported for autowiring
2018-10-30 10:20:49 5997 [main] INFO  c.n.config.ChainedDynamicProperty - Flipping property: note-gateway-api.ribbon.ActiveConnectionsLimit to use NEXT property: niws.loadbalancer.availabilityFilteringRule.activeConnectionsLimit = 2147483647
2018-10-30 10:20:49 6018 [main] INFO  c.n.u.c.ShutdownEnabledTimer - Shutdown hook installed for: NFLoadBalancer-PingTimer-note-gateway-api
2018-10-30 10:20:49 6075 [main] INFO  c.n.loadbalancer.BaseLoadBalancer - Client: note-gateway-api instantiated a LoadBalancer: DynamicServerListLoadBalancer:{NFLoadBalancer:name=note-gateway-api,current list of Servers=[],Load balancer stats=Zone stats: {},Server stats: []}ServerList:null
2018-10-30 10:20:49 6091 [main] INFO  c.n.l.DynamicServerListLoadBalancer - Using serverListUpdater PollingServerListUpdater
2018-10-30 10:20:49 6111 [main] INFO  o.s.c.n.eureka.InstanceInfoFactory - Setting initial instance status as: STARTING
2018-10-30 10:20:49 6134 [main] INFO  c.netflix.discovery.DiscoveryClient - Initializing Eureka in region us-east-1
2018-10-30 10:20:49 6234 [main] INFO  c.n.d.p.DiscoveryJerseyProvider - Using JSON encoding codec LegacyJacksonJson
2018-10-30 10:20:49 6235 [main] INFO  c.n.d.p.DiscoveryJerseyProvider - Using JSON decoding codec LegacyJacksonJson
2018-10-30 10:20:50 6413 [main] INFO  c.n.d.p.DiscoveryJerseyProvider - Using XML encoding codec XStreamXml
2018-10-30 10:20:50 6413 [main] INFO  c.n.d.p.DiscoveryJerseyProvider - Using XML decoding codec XStreamXml
2018-10-30 10:20:50 6693 [main] INFO  c.n.d.s.r.aws.ConfigClusterResolver - Resolving eureka endpoints via configuration
2018-10-30 10:20:50 6720 [main] INFO  c.netflix.discovery.DiscoveryClient - Disable delta property : false
2018-10-30 10:20:50 6721 [main] INFO  c.netflix.discovery.DiscoveryClient - Single vip registry refresh property : null
2018-10-30 10:20:50 6721 [main] INFO  c.netflix.discovery.DiscoveryClient - Force full registry fetch : false
2018-10-30 10:20:50 6721 [main] INFO  c.netflix.discovery.DiscoveryClient - Application is null : false
2018-10-30 10:20:50 6722 [main] INFO  c.netflix.discovery.DiscoveryClient - Registered Applications size is zero : true
2018-10-30 10:20:50 6722 [main] INFO  c.netflix.discovery.DiscoveryClient - Application version is -1: true
2018-10-30 10:20:50 6722 [main] INFO  c.netflix.discovery.DiscoveryClient - Getting all instance registry info from the eureka server
2018-10-30 10:20:50 6991 [main] INFO  c.netflix.discovery.DiscoveryClient - The response status is 200
2018-10-30 10:20:50 6997 [main] INFO  c.netflix.discovery.DiscoveryClient - Starting heartbeat executor: renew interval is: 30
2018-10-30 10:20:50 7004 [main] INFO  c.n.d.InstanceInfoReplicator - InstanceInfoReplicator onDemand update allowed rate per min is 4
2018-10-30 10:20:50 7010 [main] INFO  c.netflix.discovery.DiscoveryClient - Discovery Client initialized at timestamp 1540866050651 with initial instances count: 4
2018-10-30 10:20:50 7046 [main] INFO  c.n.config.ChainedDynamicProperty - Flipping property: note-gateway-api.ribbon.ActiveConnectionsLimit to use NEXT property: niws.loadbalancer.availabilityFilteringRule.activeConnectionsLimit = 2147483647
2018-10-30 10:20:50 7049 [main] INFO  c.n.l.DynamicServerListLoadBalancer - DynamicServerListLoadBalancer for client note-gateway-api initialized: DynamicServerListLoadBalancer:{NFLoadBalancer:name=note-gateway-api,current list of Servers=[192.168.2.109:8997],Load balancer stats=Zone stats: {defaultzone=[Zone:defaultzone;	Instance count:1;	Active connections count: 0;	Circuit breaker tripped count: 0;	Active connections per server: 0.0;]
},Server stats: [[Server:192.168.2.109:8997;	Zone:defaultZone;	Total Requests:0;	Successive connection failure:0;	Total blackout seconds:0;	Last connection made:Thu Jan 01 08:00:00 CST 1970;	First connection made: Thu Jan 01 08:00:00 CST 1970;	Active Connections:0;	total failure count in last (1000) msecs:0;	average resp time:0.0;	90 percentile resp time:0.0;	95 percentile resp time:0.0;	min resp time:0.0;	max resp time:0.0;	stddev resp time:0.0]
]}ServerList:org.springframework.cloud.netflix.ribbon.eureka.DomainExtractingServerList@50c2ef56
2018-10-30 10:20:50 7100 [PollingServerListUpdater-0] INFO  c.n.config.ChainedDynamicProperty - Flipping property: note-gateway-api.ribbon.ActiveConnectionsLimit to use NEXT property: niws.loadbalancer.availabilityFilteringRule.activeConnectionsLimit = 2147483647
2018-10-30 10:21:08 24625 [Thread-21] INFO  c.n.l.PollingServerListUpdater - Shutting down the Executor Pool for PollingServerListUpdater
2018-10-30 10:21:08 24625 [Thread-17] INFO  o.s.w.c.s.GenericWebApplicationContext - Closing org.springframework.web.context.support.GenericWebApplicationContext@5b94ccbc: startup date [Tue Oct 30 10:20:45 CST 2018]; parent: org.springframework.context.annotation.AnnotationConfigApplicationContext@27eb3298
2018-10-30 10:21:08 24632 [Thread-17] WARN  c.netflix.discovery.DiscoveryClient - Saw local status change event StatusChangeEvent [timestamp=1540866068274, current=DOWN, previous=STARTING]
2018-10-30 10:21:08 24637 [DiscoveryClient-InstanceInfoReplicator-0] INFO  c.netflix.discovery.DiscoveryClient - DiscoveryClient_NOTE-ADMIN-RIBBON/192.168.2.109:note-admin-ribbon:-1: registering service...
2018-10-30 10:21:08 24656 [Thread-17] INFO  c.n.u.c.ShutdownEnabledTimer - Shutdown hook removed for: NFLoadBalancer-PingTimer-note-gateway-api
2018-10-30 10:21:08 24659 [Thread-17] INFO  c.n.u.c.ShutdownEnabledTimer - Exception caught (might be ok if at shutdown)
java.lang.IllegalStateException: Shutdown in progress
	at java.lang.ApplicationShutdownHooks.remove(ApplicationShutdownHooks.java:82)
	at java.lang.Runtime.removeShutdownHook(Runtime.java:239)
	at com.netflix.util.concurrent.ShutdownEnabledTimer.cancel(ShutdownEnabledTimer.java:70)
	at com.netflix.loadbalancer.BaseLoadBalancer.cancelPingTask(BaseLoadBalancer.java:613)
	at com.netflix.loadbalancer.BaseLoadBalancer.shutdown(BaseLoadBalancer.java:864)
	at com.netflix.loadbalancer.DynamicServerListLoadBalancer.shutdown(DynamicServerListLoadBalancer.java:285)
	at sun.reflect.NativeMethodAccessorImpl.invoke0(Native Method)
	at sun.reflect.NativeMethodAccessorImpl.invoke(NativeMethodAccessorImpl.java:62)
	at sun.reflect.DelegatingMethodAccessorImpl.invoke(DelegatingMethodAccessorImpl.java:43)
	at java.lang.reflect.Method.invoke(Method.java:498)
	at org.springframework.beans.factory.support.DisposableBeanAdapter.invokeCustomDestroyMethod(DisposableBeanAdapter.java:337)
	at org.springframework.beans.factory.support.DisposableBeanAdapter.destroy(DisposableBeanAdapter.java:271)
	at org.springframework.beans.factory.support.DefaultSingletonBeanRegistry.destroyBean(DefaultSingletonBeanRegistry.java:571)
	at org.springframework.beans.factory.support.DefaultSingletonBeanRegistry.destroySingleton(DefaultSingletonBeanRegistry.java:543)
	at org.springframework.beans.factory.support.DefaultListableBeanFactory.destroySingleton(DefaultListableBeanFactory.java:954)
	at org.springframework.beans.factory.support.DefaultSingletonBeanRegistry.destroySingletons(DefaultSingletonBeanRegistry.java:504)
	at org.springframework.beans.factory.support.DefaultListableBeanFactory.destroySingletons(DefaultListableBeanFactory.java:961)
	at org.springframework.context.support.AbstractApplicationContext.destroyBeans(AbstractApplicationContext.java:1039)
	at org.springframework.context.support.AbstractApplicationContext.doClose(AbstractApplicationContext.java:1015)
	at org.springframework.context.support.AbstractApplicationContext.close(AbstractApplicationContext.java:965)
	at org.springframework.cloud.context.named.NamedContextFactory.destroy(NamedContextFactory.java:76)
	at org.springframework.beans.factory.support.DisposableBeanAdapter.destroy(DisposableBeanAdapter.java:256)
	at org.springframework.beans.factory.support.DefaultSingletonBeanRegistry.destroyBean(DefaultSingletonBeanRegistry.java:571)
	at org.springframework.beans.factory.support.DefaultSingletonBeanRegistry.destroySingleton(DefaultSingletonBeanRegistry.java:543)
	at org.springframework.beans.factory.support.DefaultListableBeanFactory.destroySingleton(DefaultListableBeanFactory.java:954)
	at org.springframework.beans.factory.support.DefaultSingletonBeanRegistry.destroySingletons(DefaultSingletonBeanRegistry.java:504)
	at org.springframework.beans.factory.support.DefaultListableBeanFactory.destroySingletons(DefaultListableBeanFactory.java:961)
	at org.springframework.context.support.AbstractApplicationContext.destroyBeans(AbstractApplicationContext.java:1039)
	at org.springframework.context.support.AbstractApplicationContext.doClose(AbstractApplicationContext.java:1015)
	at org.springframework.context.support.AbstractApplicationContext$1.run(AbstractApplicationContext.java:935)
2018-10-30 10:21:08 24672 [Thread-17] INFO  c.netflix.discovery.DiscoveryClient - Shutting down DiscoveryClient ...
2018-10-30 12:04:48 7816626 [AsyncResolver-bootstrap-executor-0] INFO  c.n.d.s.r.aws.ConfigClusterResolver - Resolving eureka endpoints via configuration
2018-10-30 12:04:48 7816773 [DiscoveryClient-InstanceInfoReplicator-0] INFO  c.netflix.discovery.DiscoveryClient - DiscoveryClient_NOTE-ADMIN-RIBBON/192.168.2.109:note-admin-ribbon:-1: registering service...
2018-10-30 12:04:48 7816794 [Thread-21] INFO  c.n.l.PollingServerListUpdater - Shutting down the Executor Pool for PollingServerListUpdater
2018-10-30 12:04:48 7816853 [Thread-17] WARN  c.netflix.discovery.DiscoveryClient - Saw local status change event StatusChangeEvent [timestamp=1540872288687, current=DOWN, previous=STARTING]
2018-10-30 12:04:48 7817031 [DiscoveryClient-HeartbeatExecutor-0] INFO  c.netflix.discovery.DiscoveryClient - DiscoveryClient_NOTE-ADMIN-RIBBON/192.168.2.109:note-admin-ribbon:-1 - Re-registering apps/NOTE-ADMIN-RIBBON
2018-10-30 12:04:48 7817033 [DiscoveryClient-HeartbeatExecutor-0] INFO  c.netflix.discovery.DiscoveryClient - DiscoveryClient_NOTE-ADMIN-RIBBON/192.168.2.109:note-admin-ribbon:-1: registering service...
2018-10-30 12:04:49 7817201 [Thread-17] INFO  c.n.u.c.ShutdownEnabledTimer - Shutdown hook removed for: NFLoadBalancer-PingTimer-note-gateway-api
2018-10-30 12:04:49 7817212 [Thread-17] INFO  c.n.u.c.ShutdownEnabledTimer - Exception caught (might be ok if at shutdown)
java.lang.IllegalStateException: Shutdown in progress
	at java.lang.ApplicationShutdownHooks.remove(ApplicationShutdownHooks.java:82)
	at java.lang.Runtime.removeShutdownHook(Runtime.java:239)
	at com.netflix.util.concurrent.ShutdownEnabledTimer.cancel(ShutdownEnabledTimer.java:70)
	at com.netflix.loadbalancer.BaseLoadBalancer.cancelPingTask(BaseLoadBalancer.java:613)
	at com.netflix.loadbalancer.BaseLoadBalancer.shutdown(BaseLoadBalancer.java:864)
	at com.netflix.loadbalancer.DynamicServerListLoadBalancer.shutdown(DynamicServerListLoadBalancer.java:285)
	at sun.reflect.NativeMethodAccessorImpl.invoke0(Native Method)
	at sun.reflect.NativeMethodAccessorImpl.invoke(NativeMethodAccessorImpl.java:62)
	at sun.reflect.DelegatingMethodAccessorImpl.invoke(DelegatingMethodAccessorImpl.java:43)
	at java.lang.reflect.Method.invoke(Method.java:498)
	at org.springframework.beans.factory.support.DisposableBeanAdapter.invokeCustomDestroyMethod(DisposableBeanAdapter.java:337)
	at org.springframework.beans.factory.support.DisposableBeanAdapter.destroy(DisposableBeanAdapter.java:271)
	at org.springframework.beans.factory.support.DefaultSingletonBeanRegistry.destroyBean(DefaultSingletonBeanRegistry.java:571)
	at org.springframework.beans.factory.support.DefaultSingletonBeanRegistry.destroySingleton(DefaultSingletonBeanRegistry.java:543)
	at org.springframework.beans.factory.support.DefaultListableBeanFactory.destroySingleton(DefaultListableBeanFactory.java:954)
	at org.springframework.beans.factory.support.DefaultSingletonBeanRegistry.destroySingletons(DefaultSingletonBeanRegistry.java:504)
	at org.springframework.beans.factory.support.DefaultListableBeanFactory.destroySingletons(DefaultListableBeanFactory.java:961)
	at org.springframework.context.support.AbstractApplicationContext.destroyBeans(AbstractApplicationContext.java:1039)
	at org.springframework.context.support.AbstractApplicationContext.doClose(AbstractApplicationContext.java:1015)
	at org.springframework.context.support.AbstractApplicationContext.close(AbstractApplicationContext.java:965)
	at org.springframework.cloud.context.named.NamedContextFactory.destroy(NamedContextFactory.java:76)
	at org.springframework.beans.factory.support.DisposableBeanAdapter.destroy(DisposableBeanAdapter.java:256)
	at org.springframework.beans.factory.support.DefaultSingletonBeanRegistry.destroyBean(DefaultSingletonBeanRegistry.java:571)
	at org.springframework.beans.factory.support.DefaultSingletonBeanRegistry.destroySingleton(DefaultSingletonBeanRegistry.java:543)
	at org.springframework.beans.factory.support.DefaultListableBeanFactory.destroySingleton(DefaultListableBeanFactory.java:954)
	at org.springframework.beans.factory.support.DefaultSingletonBeanRegistry.destroySingletons(DefaultSingletonBeanRegistry.java:504)
	at org.springframework.beans.factory.support.DefaultListableBeanFactory.destroySingletons(DefaultListableBeanFactory.java:961)
	at org.springframework.context.support.AbstractApplicationContext.destroyBeans(AbstractApplicationContext.java:1039)
	at org.springframework.context.support.AbstractApplicationContext.doClose(AbstractApplicationContext.java:1015)
	at org.springframework.context.support.AbstractApplicationContext$1.run(AbstractApplicationContext.java:935)
2018-10-30 12:04:49 7817255 [Thread-17] INFO  c.netflix.discovery.DiscoveryClient - Shutting down DiscoveryClient ...
