2018-11-27 11:47:42 1069 [main] INFO  o.s.c.a.AnnotationConfigApplicationContext - Refreshing org.springframework.context.annotation.AnnotationConfigApplicationContext@6069db50: startup date [Tue Nov 27 11:47:42 CST 2018]; root of context hierarchy
2018-11-27 11:47:42 1546 [main] INFO  o.s.b.f.a.AutowiredAnnotationBeanPostProcessor - JSR-330 'javax.inject.Inject' annotation found and supported for autowiring
2018-11-27 11:47:42 1613 [main] INFO  o.s.c.s.PostProcessorRegistrationDelegate$BeanPostProcessorChecker - Bean 'configurationPropertiesRebinderAutoConfiguration' of type [org.springframework.cloud.autoconfigure.ConfigurationPropertiesRebinderAutoConfiguration$$EnhancerBySpringCGLIB$$12584ca1] is not eligible for getting processed by all BeanPostProcessors (for example: not eligible for auto-proxying)
2018-11-27 11:47:42 1842 [main] INFO  c.b.n.NoteAdminRibbonApplication - No active profile set, falling back to default profiles: default
2018-11-27 11:47:42 1859 [main] INFO  o.s.b.w.s.c.AnnotationConfigServletWebServerApplicationContext - Refreshing org.springframework.boot.web.servlet.context.AnnotationConfigServletWebServerApplicationContext@479cbee5: startup date [Tue Nov 27 11:47:42 CST 2018]; parent: org.springframework.context.annotation.AnnotationConfigApplicationContext@6069db50
2018-11-27 11:47:43 2268 [main] INFO  o.s.b.f.s.DefaultListableBeanFactory - Overriding alias 'note-gateway-apiFeignClient' definition for registered name 'com.books.noteadminribbon.service.book.BookMstAPI' with new target name 'com.books.noteadminribbon.service.system.UserMstAPI'
2018-11-27 11:47:43 2605 [main] INFO  o.s.c.context.scope.GenericScope - BeanFactory id=07a9cff4-7f8f-386e-8693-ff3ff141a331
2018-11-27 11:47:43 2619 [main] INFO  o.s.b.f.a.AutowiredAnnotationBeanPostProcessor - JSR-330 'javax.inject.Inject' annotation found and supported for autowiring
2018-11-27 11:47:43 2700 [main] INFO  o.s.c.s.PostProcessorRegistrationDelegate$BeanPostProcessorChecker - Bean 'org.springframework.cloud.autoconfigure.ConfigurationPropertiesRebinderAutoConfiguration' of type [org.springframework.cloud.autoconfigure.ConfigurationPropertiesRebinderAutoConfiguration$$EnhancerBySpringCGLIB$$12584ca1] is not eligible for getting processed by all BeanPostProcessors (for example: not eligible for auto-proxying)
2018-11-27 11:47:44 3051 [main] INFO  o.s.b.w.e.tomcat.TomcatWebServer - Tomcat initialized with port(s): 7999 (http)
2018-11-27 11:47:44 3063 [main] INFO  o.a.coyote.http11.Http11NioProtocol - Initializing ProtocolHandler ["http-nio-7999"]
2018-11-27 11:47:44 3076 [main] INFO  o.a.catalina.core.StandardService - Starting service [Tomcat]
2018-11-27 11:47:44 3076 [main] INFO  o.a.catalina.core.StandardEngine - Starting Servlet Engine: Apache Tomcat/8.5.34
2018-11-27 11:47:44 3080 [localhost-startStop-1] INFO  o.a.c.core.AprLifecycleListener - The APR based Apache Tomcat Native library which allows optimal performance in production environments was not found on the java.library.path: [/Users/chenxichao/Library/Java/Extensions:/Library/Java/Extensions:/Network/Library/Java/Extensions:/System/Library/Java/Extensions:/usr/lib/java:.]
2018-11-27 11:47:44 3234 [localhost-startStop-1] INFO  o.a.c.c.C.[Tomcat].[localhost].[/] - Initializing Spring embedded WebApplicationContext
2018-11-27 11:47:44 3234 [localhost-startStop-1] INFO  o.s.web.context.ContextLoader - Root WebApplicationContext: initialization completed in 1375 ms
2018-11-27 11:47:44 3283 [localhost-startStop-1] INFO  o.s.b.w.s.ServletRegistrationBean - Servlet dispatcherServlet mapped to [/]
2018-11-27 11:47:44 3287 [localhost-startStop-1] INFO  o.s.b.w.s.FilterRegistrationBean - Mapping filter: 'characterEncodingFilter' to: [/*]
2018-11-27 11:47:44 3288 [localhost-startStop-1] INFO  o.s.b.w.s.FilterRegistrationBean - Mapping filter: 'hiddenHttpMethodFilter' to: [/*]
2018-11-27 11:47:44 3288 [localhost-startStop-1] INFO  o.s.b.w.s.FilterRegistrationBean - Mapping filter: 'httpPutFormContentFilter' to: [/*]
2018-11-27 11:47:44 3288 [localhost-startStop-1] INFO  o.s.b.w.s.FilterRegistrationBean - Mapping filter: 'requestContextFilter' to: [/*]
2018-11-27 11:47:44 3325 [main] INFO  o.s.c.a.AnnotationConfigApplicationContext - Refreshing FeignContext-note-gateway-api: startup date [Tue Nov 27 11:47:44 CST 2018]; parent: org.springframework.boot.web.servlet.context.AnnotationConfigServletWebServerApplicationContext@479cbee5
2018-11-27 11:47:44 3341 [main] INFO  o.s.b.f.a.AutowiredAnnotationBeanPostProcessor - JSR-330 'javax.inject.Inject' annotation found and supported for autowiring
2018-11-27 11:47:44 3511 [main] INFO  c.n.c.s.URLConfigurationSource - To enable URLs as dynamic configuration sources, define System property archaius.configurationSource.additionalUrls or make config.properties available on classpath.
2018-11-27 11:47:44 3517 [main] INFO  c.n.c.s.URLConfigurationSource - To enable URLs as dynamic configuration sources, define System property archaius.configurationSource.additionalUrls or make config.properties available on classpath.
2018-11-27 11:47:44 3585 [main] INFO  o.s.w.s.h.SimpleUrlHandlerMapping - Mapped URL path [/**/favicon.ico] onto handler of type [class org.springframework.web.servlet.resource.ResourceHttpRequestHandler]
2018-11-27 11:47:44 3711 [main] INFO  o.s.w.s.m.m.a.RequestMappingHandlerAdapter - Looking for @ControllerAdvice: org.springframework.boot.web.servlet.context.AnnotationConfigServletWebServerApplicationContext@479cbee5: startup date [Tue Nov 27 11:47:42 CST 2018]; parent: org.springframework.context.annotation.AnnotationConfigApplicationContext@6069db50
2018-11-27 11:47:44 3752 [main] INFO  o.s.w.s.m.m.a.RequestMappingHandlerMapping - Mapped "{[/user/login.html],methods=[GET || POST]}" onto public org.springframework.http.ResponseEntity<?> com.books.noteadminribbon.controller.user.UserController.login(javax.servlet.http.HttpServletRequest,javax.servlet.http.HttpServletResponse,org.springframework.ui.Model)
2018-11-27 11:47:44 3753 [main] INFO  o.s.w.s.m.m.a.RequestMappingHandlerMapping - Mapped "{[/user/registerDetail.html],methods=[GET || POST]}" onto public java.lang.String com.books.noteadminribbon.controller.user.UserController.registerDetail(javax.servlet.http.HttpServletRequest,org.springframework.ui.Model)
2018-11-27 11:47:44 3756 [main] INFO  o.s.w.s.m.m.a.RequestMappingHandlerMapping - Mapped "{[/error]}" onto public org.springframework.http.ResponseEntity<java.util.Map<java.lang.String, java.lang.Object>> org.springframework.boot.autoconfigure.web.servlet.error.BasicErrorController.error(javax.servlet.http.HttpServletRequest)
2018-11-27 11:47:44 3756 [main] INFO  o.s.w.s.m.m.a.RequestMappingHandlerMapping - Mapped "{[/error],produces=[text/html]}" onto public org.springframework.web.servlet.ModelAndView org.springframework.boot.autoconfigure.web.servlet.error.BasicErrorController.errorHtml(javax.servlet.http.HttpServletRequest,javax.servlet.http.HttpServletResponse)
2018-11-27 11:47:44 3779 [main] INFO  o.s.w.s.h.SimpleUrlHandlerMapping - Mapped URL path [/webjars/**] onto handler of type [class org.springframework.web.servlet.resource.ResourceHttpRequestHandler]
2018-11-27 11:47:44 3779 [main] INFO  o.s.w.s.h.SimpleUrlHandlerMapping - Mapped URL path [/**] onto handler of type [class org.springframework.web.servlet.resource.ResourceHttpRequestHandler]
2018-11-27 11:47:44 3905 [main] INFO  o.s.b.a.w.s.WelcomePageHandlerMapping - Adding welcome page template: index
2018-11-27 11:47:45 4439 [main] INFO  o.s.j.e.a.AnnotationMBeanExporter - Registering beans for JMX exposure on startup
2018-11-27 11:47:45 4446 [main] INFO  o.s.j.e.a.AnnotationMBeanExporter - Bean with name 'refreshScope' has been autodetected for JMX exposure
2018-11-27 11:47:45 4447 [main] INFO  o.s.j.e.a.AnnotationMBeanExporter - Bean with name 'configurationPropertiesRebinder' has been autodetected for JMX exposure
2018-11-27 11:47:45 4447 [main] INFO  o.s.j.e.a.AnnotationMBeanExporter - Bean with name 'environmentManager' has been autodetected for JMX exposure
2018-11-27 11:47:45 4450 [main] INFO  o.s.j.e.a.AnnotationMBeanExporter - Located managed bean 'environmentManager': registering with JMX server as MBean [org.springframework.cloud.context.environment:name=environmentManager,type=EnvironmentManager]
2018-11-27 11:47:45 4459 [main] INFO  o.s.j.e.a.AnnotationMBeanExporter - Located managed bean 'refreshScope': registering with JMX server as MBean [org.springframework.cloud.context.scope.refresh:name=refreshScope,type=RefreshScope]
2018-11-27 11:47:45 4466 [main] INFO  o.s.j.e.a.AnnotationMBeanExporter - Located managed bean 'configurationPropertiesRebinder': registering with JMX server as MBean [org.springframework.cloud.context.properties:name=configurationPropertiesRebinder,context=479cbee5,type=ConfigurationPropertiesRebinder]
2018-11-27 11:47:45 4473 [main] INFO  o.s.c.s.DefaultLifecycleProcessor - Starting beans in phase 0
2018-11-27 11:47:45 4484 [main] INFO  o.s.c.n.eureka.InstanceInfoFactory - Setting initial instance status as: STARTING
2018-11-27 11:47:45 4508 [main] INFO  c.netflix.discovery.DiscoveryClient - Initializing Eureka in region us-east-1
2018-11-27 11:47:45 4612 [main] INFO  c.n.d.p.DiscoveryJerseyProvider - Using JSON encoding codec LegacyJacksonJson
2018-11-27 11:47:45 4613 [main] INFO  c.n.d.p.DiscoveryJerseyProvider - Using JSON decoding codec LegacyJacksonJson
2018-11-27 11:47:45 4691 [main] INFO  c.n.d.p.DiscoveryJerseyProvider - Using XML encoding codec XStreamXml
2018-11-27 11:47:45 4692 [main] INFO  c.n.d.p.DiscoveryJerseyProvider - Using XML decoding codec XStreamXml
2018-11-27 11:47:45 4826 [main] INFO  c.n.d.s.r.aws.ConfigClusterResolver - Resolving eureka endpoints via configuration
2018-11-27 11:47:45 4840 [main] INFO  c.netflix.discovery.DiscoveryClient - Disable delta property : false
2018-11-27 11:47:45 4841 [main] INFO  c.netflix.discovery.DiscoveryClient - Single vip registry refresh property : null
2018-11-27 11:47:45 4841 [main] INFO  c.netflix.discovery.DiscoveryClient - Force full registry fetch : false
2018-11-27 11:47:45 4841 [main] INFO  c.netflix.discovery.DiscoveryClient - Application is null : false
2018-11-27 11:47:45 4841 [main] INFO  c.netflix.discovery.DiscoveryClient - Registered Applications size is zero : true
2018-11-27 11:47:45 4841 [main] INFO  c.netflix.discovery.DiscoveryClient - Application version is -1: true
2018-11-27 11:47:45 4841 [main] INFO  c.netflix.discovery.DiscoveryClient - Getting all instance registry info from the eureka server
2018-11-27 11:47:46 4959 [main] INFO  c.netflix.discovery.DiscoveryClient - The response status is 200
2018-11-27 11:47:46 4961 [main] INFO  c.netflix.discovery.DiscoveryClient - Starting heartbeat executor: renew interval is: 30
2018-11-27 11:47:46 4963 [main] INFO  c.n.d.InstanceInfoReplicator - InstanceInfoReplicator onDemand update allowed rate per min is 4
2018-11-27 11:47:46 4965 [main] INFO  c.netflix.discovery.DiscoveryClient - Discovery Client initialized at timestamp 1543290466007 with initial instances count: 3
2018-11-27 11:47:46 4969 [main] INFO  o.s.c.n.e.s.EurekaServiceRegistry - Registering application NOTE-ADMIN-RIBBON with eureka with status UP
2018-11-27 11:47:46 4969 [main] INFO  c.netflix.discovery.DiscoveryClient - Saw local status change event StatusChangeEvent [timestamp=1543290466011, current=UP, previous=STARTING]
2018-11-27 11:47:46 4971 [DiscoveryClient-InstanceInfoReplicator-0] INFO  c.netflix.discovery.DiscoveryClient - DiscoveryClient_NOTE-ADMIN-RIBBON/192.168.2.114:note-admin-ribbon:7999: registering service...
2018-11-27 11:47:46 4984 [main] INFO  o.a.coyote.http11.Http11NioProtocol - Starting ProtocolHandler ["http-nio-7999"]
2018-11-27 11:47:46 5007 [DiscoveryClient-InstanceInfoReplicator-0] INFO  c.netflix.discovery.DiscoveryClient - DiscoveryClient_NOTE-ADMIN-RIBBON/192.168.2.114:note-admin-ribbon:7999 - registration status: 204
2018-11-27 11:47:46 5011 [main] INFO  o.a.tomcat.util.net.NioSelectorPool - Using a shared selector for servlet write/read
2018-11-27 11:47:46 5023 [main] INFO  o.s.b.w.e.tomcat.TomcatWebServer - Tomcat started on port(s): 7999 (http) with context path ''
2018-11-27 11:47:46 5024 [main] INFO  o.s.c.n.e.s.EurekaAutoServiceRegistration - Updating port to 7999
2018-11-27 11:47:46 5027 [main] INFO  c.b.n.NoteAdminRibbonApplication - Started NoteAdminRibbonApplication in 5.091 seconds (JVM running for 6.621)
2018-11-27 11:50:10 149840 [http-nio-7999-exec-1] INFO  o.a.c.c.C.[Tomcat].[localhost].[/] - Initializing Spring FrameworkServlet 'dispatcherServlet'
2018-11-27 11:50:10 149840 [http-nio-7999-exec-1] INFO  o.s.web.servlet.DispatcherServlet - FrameworkServlet 'dispatcherServlet': initialization started
2018-11-27 11:50:10 149861 [http-nio-7999-exec-1] INFO  o.s.web.servlet.DispatcherServlet - FrameworkServlet 'dispatcherServlet': initialization completed in 20 ms
2018-11-27 11:50:27 166031 [http-nio-7999-exec-4] INFO  o.s.c.a.AnnotationConfigApplicationContext - Refreshing SpringClientFactory-note-gateway-api: startup date [Tue Nov 27 11:50:27 CST 2018]; parent: org.springframework.boot.web.servlet.context.AnnotationConfigServletWebServerApplicationContext@479cbee5
2018-11-27 11:50:27 166113 [http-nio-7999-exec-4] INFO  o.s.b.f.a.AutowiredAnnotationBeanPostProcessor - JSR-330 'javax.inject.Inject' annotation found and supported for autowiring
2018-11-27 11:50:27 166348 [http-nio-7999-exec-4] INFO  c.n.config.ChainedDynamicProperty - Flipping property: note-gateway-api.ribbon.ActiveConnectionsLimit to use NEXT property: niws.loadbalancer.availabilityFilteringRule.activeConnectionsLimit = 2147483647
2018-11-27 11:50:27 166367 [http-nio-7999-exec-4] INFO  c.n.u.c.ShutdownEnabledTimer - Shutdown hook installed for: NFLoadBalancer-PingTimer-note-gateway-api
2018-11-27 11:50:27 166400 [http-nio-7999-exec-4] INFO  c.n.loadbalancer.BaseLoadBalancer - Client: note-gateway-api instantiated a LoadBalancer: DynamicServerListLoadBalancer:{NFLoadBalancer:name=note-gateway-api,current list of Servers=[],Load balancer stats=Zone stats: {},Server stats: []}ServerList:null
2018-11-27 11:50:27 166408 [http-nio-7999-exec-4] INFO  c.n.l.DynamicServerListLoadBalancer - Using serverListUpdater PollingServerListUpdater
2018-11-27 11:50:27 166439 [http-nio-7999-exec-4] INFO  c.n.config.ChainedDynamicProperty - Flipping property: note-gateway-api.ribbon.ActiveConnectionsLimit to use NEXT property: niws.loadbalancer.availabilityFilteringRule.activeConnectionsLimit = 2147483647
2018-11-27 11:50:27 166441 [http-nio-7999-exec-4] INFO  c.n.l.DynamicServerListLoadBalancer - DynamicServerListLoadBalancer for client note-gateway-api initialized: DynamicServerListLoadBalancer:{NFLoadBalancer:name=note-gateway-api,current list of Servers=[192.168.2.114:8997],Load balancer stats=Zone stats: {defaultzone=[Zone:defaultzone;	Instance count:1;	Active connections count: 0;	Circuit breaker tripped count: 0;	Active connections per server: 0.0;]
},Server stats: [[Server:192.168.2.114:8997;	Zone:defaultZone;	Total Requests:0;	Successive connection failure:0;	Total blackout seconds:0;	Last connection made:Thu Jan 01 08:00:00 CST 1970;	First connection made: Thu Jan 01 08:00:00 CST 1970;	Active Connections:0;	total failure count in last (1000) msecs:0;	average resp time:0.0;	90 percentile resp time:0.0;	95 percentile resp time:0.0;	min resp time:0.0;	max resp time:0.0;	stddev resp time:0.0]
]}ServerList:org.springframework.cloud.netflix.ribbon.eureka.DomainExtractingServerList@4a58633b
2018-11-27 11:50:28 167417 [PollingServerListUpdater-0] INFO  c.n.config.ChainedDynamicProperty - Flipping property: note-gateway-api.ribbon.ActiveConnectionsLimit to use NEXT property: niws.loadbalancer.availabilityFilteringRule.activeConnectionsLimit = 2147483647
2018-11-27 11:50:29 168575 [http-nio-7999-exec-4] INFO  c.b.n.c.user.UserController - [Note Admin Ribbon][UserController][login] failed!
feign.RetryableException: Read timed out executing GET http://note-gateway-api/system/user/login?password=123&userPhone=18258177670
	at feign.FeignException.errorExecuting(FeignException.java:65)
	at feign.SynchronousMethodHandler.executeAndDecode(SynchronousMethodHandler.java:105)
	at feign.SynchronousMethodHandler.invoke(SynchronousMethodHandler.java:77)
	at feign.ReflectiveFeign$FeignInvocationHandler.invoke(ReflectiveFeign.java:102)
	at com.sun.proxy.$Proxy81.login(Unknown Source)
	at com.books.noteadminribbon.controller.user.UserController.login(UserController.java:57)
	at sun.reflect.NativeMethodAccessorImpl.invoke0(Native Method)
	at sun.reflect.NativeMethodAccessorImpl.invoke(NativeMethodAccessorImpl.java:62)
	at sun.reflect.DelegatingMethodAccessorImpl.invoke(DelegatingMethodAccessorImpl.java:43)
	at java.lang.reflect.Method.invoke(Method.java:498)
	at org.springframework.web.method.support.InvocableHandlerMethod.doInvoke(InvocableHandlerMethod.java:209)
	at org.springframework.web.method.support.InvocableHandlerMethod.invokeForRequest(InvocableHandlerMethod.java:136)
	at org.springframework.web.servlet.mvc.method.annotation.ServletInvocableHandlerMethod.invokeAndHandle(ServletInvocableHandlerMethod.java:102)
	at org.springframework.web.servlet.mvc.method.annotation.RequestMappingHandlerAdapter.invokeHandlerMethod(RequestMappingHandlerAdapter.java:891)
	at org.springframework.web.servlet.mvc.method.annotation.RequestMappingHandlerAdapter.handleInternal(RequestMappingHandlerAdapter.java:797)
	at org.springframework.web.servlet.mvc.method.AbstractHandlerMethodAdapter.handle(AbstractHandlerMethodAdapter.java:87)
	at org.springframework.web.servlet.DispatcherServlet.doDispatch(DispatcherServlet.java:991)
	at org.springframework.web.servlet.DispatcherServlet.doService(DispatcherServlet.java:925)
	at org.springframework.web.servlet.FrameworkServlet.processRequest(FrameworkServlet.java:974)
	at org.springframework.web.servlet.FrameworkServlet.doPost(FrameworkServlet.java:877)
	at javax.servlet.http.HttpServlet.service(HttpServlet.java:661)
	at org.springframework.web.servlet.FrameworkServlet.service(FrameworkServlet.java:851)
	at javax.servlet.http.HttpServlet.service(HttpServlet.java:742)
	at org.apache.catalina.core.ApplicationFilterChain.internalDoFilter(ApplicationFilterChain.java:231)
	at org.apache.catalina.core.ApplicationFilterChain.doFilter(ApplicationFilterChain.java:166)
	at org.apache.tomcat.websocket.server.WsFilter.doFilter(WsFilter.java:52)
	at org.apache.catalina.core.ApplicationFilterChain.internalDoFilter(ApplicationFilterChain.java:193)
	at org.apache.catalina.core.ApplicationFilterChain.doFilter(ApplicationFilterChain.java:166)
	at org.springframework.web.filter.RequestContextFilter.doFilterInternal(RequestContextFilter.java:99)
	at org.springframework.web.filter.OncePerRequestFilter.doFilter(OncePerRequestFilter.java:107)
	at org.apache.catalina.core.ApplicationFilterChain.internalDoFilter(ApplicationFilterChain.java:193)
	at org.apache.catalina.core.ApplicationFilterChain.doFilter(ApplicationFilterChain.java:166)
	at org.springframework.web.filter.HttpPutFormContentFilter.doFilterInternal(HttpPutFormContentFilter.java:109)
	at org.springframework.web.filter.OncePerRequestFilter.doFilter(OncePerRequestFilter.java:107)
	at org.apache.catalina.core.ApplicationFilterChain.internalDoFilter(ApplicationFilterChain.java:193)
	at org.apache.catalina.core.ApplicationFilterChain.doFilter(ApplicationFilterChain.java:166)
	at org.springframework.web.filter.HiddenHttpMethodFilter.doFilterInternal(HiddenHttpMethodFilter.java:93)
	at org.springframework.web.filter.OncePerRequestFilter.doFilter(OncePerRequestFilter.java:107)
	at org.apache.catalina.core.ApplicationFilterChain.internalDoFilter(ApplicationFilterChain.java:193)
	at org.apache.catalina.core.ApplicationFilterChain.doFilter(ApplicationFilterChain.java:166)
	at org.springframework.web.filter.CharacterEncodingFilter.doFilterInternal(CharacterEncodingFilter.java:200)
	at org.springframework.web.filter.OncePerRequestFilter.doFilter(OncePerRequestFilter.java:107)
	at org.apache.catalina.core.ApplicationFilterChain.internalDoFilter(ApplicationFilterChain.java:193)
	at org.apache.catalina.core.ApplicationFilterChain.doFilter(ApplicationFilterChain.java:166)
	at org.apache.catalina.core.StandardWrapperValve.invoke(StandardWrapperValve.java:198)
	at org.apache.catalina.core.StandardContextValve.invoke(StandardContextValve.java:96)
	at org.apache.catalina.authenticator.AuthenticatorBase.invoke(AuthenticatorBase.java:493)
	at org.apache.catalina.core.StandardHostValve.invoke(StandardHostValve.java:140)
	at org.apache.catalina.valves.ErrorReportValve.invoke(ErrorReportValve.java:81)
	at org.apache.catalina.core.StandardEngineValve.invoke(StandardEngineValve.java:87)
	at org.apache.catalina.connector.CoyoteAdapter.service(CoyoteAdapter.java:342)
	at org.apache.coyote.http11.Http11Processor.service(Http11Processor.java:800)
	at org.apache.coyote.AbstractProcessorLight.process(AbstractProcessorLight.java:66)
	at org.apache.coyote.AbstractProtocol$ConnectionHandler.process(AbstractProtocol.java:806)
	at org.apache.tomcat.util.net.NioEndpoint$SocketProcessor.doRun(NioEndpoint.java:1498)
	at org.apache.tomcat.util.net.SocketProcessorBase.run(SocketProcessorBase.java:49)
	at java.util.concurrent.ThreadPoolExecutor.runWorker(ThreadPoolExecutor.java:1142)
	at java.util.concurrent.ThreadPoolExecutor$Worker.run(ThreadPoolExecutor.java:617)
	at org.apache.tomcat.util.threads.TaskThread$WrappingRunnable.run(TaskThread.java:61)
	at java.lang.Thread.run(Thread.java:745)
Caused by: java.net.SocketTimeoutException: Read timed out
	at java.net.SocketInputStream.socketRead0(Native Method)
	at java.net.SocketInputStream.socketRead(SocketInputStream.java:116)
	at java.net.SocketInputStream.read(SocketInputStream.java:170)
	at java.net.SocketInputStream.read(SocketInputStream.java:141)
	at java.io.BufferedInputStream.fill(BufferedInputStream.java:246)
	at java.io.BufferedInputStream.read1(BufferedInputStream.java:286)
	at java.io.BufferedInputStream.read(BufferedInputStream.java:345)
	at sun.net.www.http.HttpClient.parseHTTPHeader(HttpClient.java:704)
	at sun.net.www.http.HttpClient.parseHTTP(HttpClient.java:647)
	at sun.net.www.protocol.http.HttpURLConnection.getInputStream0(HttpURLConnection.java:1536)
	at sun.net.www.protocol.http.HttpURLConnection.getInputStream(HttpURLConnection.java:1441)
	at java.net.HttpURLConnection.getResponseCode(HttpURLConnection.java:480)
	at feign.Client$Default.convertResponse(Client.java:150)
	at feign.Client$Default.execute(Client.java:72)
	at org.springframework.cloud.openfeign.ribbon.FeignLoadBalancer.execute(FeignLoadBalancer.java:89)
	at org.springframework.cloud.openfeign.ribbon.FeignLoadBalancer.execute(FeignLoadBalancer.java:55)
	at com.netflix.client.AbstractLoadBalancerAwareClient$1.call(AbstractLoadBalancerAwareClient.java:104)
	at com.netflix.loadbalancer.reactive.LoadBalancerCommand$3$1.call(LoadBalancerCommand.java:303)
	at com.netflix.loadbalancer.reactive.LoadBalancerCommand$3$1.call(LoadBalancerCommand.java:287)
	at rx.internal.util.ScalarSynchronousObservable$3.call(ScalarSynchronousObservable.java:231)
	at rx.internal.util.ScalarSynchronousObservable$3.call(ScalarSynchronousObservable.java:228)
	at rx.Observable.unsafeSubscribe(Observable.java:10327)
	at rx.internal.operators.OnSubscribeConcatMap$ConcatMapSubscriber.drain(OnSubscribeConcatMap.java:286)
	at rx.internal.operators.OnSubscribeConcatMap$ConcatMapSubscriber.onNext(OnSubscribeConcatMap.java:144)
	at com.netflix.loadbalancer.reactive.LoadBalancerCommand$1.call(LoadBalancerCommand.java:185)
	at com.netflix.loadbalancer.reactive.LoadBalancerCommand$1.call(LoadBalancerCommand.java:180)
	at rx.Observable.unsafeSubscribe(Observable.java:10327)
	at rx.internal.operators.OnSubscribeConcatMap.call(OnSubscribeConcatMap.java:94)
	at rx.internal.operators.OnSubscribeConcatMap.call(OnSubscribeConcatMap.java:42)
	at rx.Observable.unsafeSubscribe(Observable.java:10327)
	at rx.internal.operators.OperatorRetryWithPredicate$SourceSubscriber$1.call(OperatorRetryWithPredicate.java:127)
	at rx.internal.schedulers.TrampolineScheduler$InnerCurrentThreadScheduler.enqueue(TrampolineScheduler.java:73)
	at rx.internal.schedulers.TrampolineScheduler$InnerCurrentThreadScheduler.schedule(TrampolineScheduler.java:52)
	at rx.internal.operators.OperatorRetryWithPredicate$SourceSubscriber.onNext(OperatorRetryWithPredicate.java:79)
	at rx.internal.operators.OperatorRetryWithPredicate$SourceSubscriber.onNext(OperatorRetryWithPredicate.java:45)
	at rx.internal.util.ScalarSynchronousObservable$WeakSingleProducer.request(ScalarSynchronousObservable.java:276)
	at rx.Subscriber.setProducer(Subscriber.java:209)
	at rx.internal.util.ScalarSynchronousObservable$JustOnSubscribe.call(ScalarSynchronousObservable.java:138)
	at rx.internal.util.ScalarSynchronousObservable$JustOnSubscribe.call(ScalarSynchronousObservable.java:129)
	at rx.internal.operators.OnSubscribeLift.call(OnSubscribeLift.java:48)
	at rx.internal.operators.OnSubscribeLift.call(OnSubscribeLift.java:30)
	at rx.internal.operators.OnSubscribeLift.call(OnSubscribeLift.java:48)
	at rx.internal.operators.OnSubscribeLift.call(OnSubscribeLift.java:30)
	at rx.internal.operators.OnSubscribeLift.call(OnSubscribeLift.java:48)
	at rx.internal.operators.OnSubscribeLift.call(OnSubscribeLift.java:30)
	at rx.Observable.subscribe(Observable.java:10423)
	at rx.Observable.subscribe(Observable.java:10390)
	at rx.observables.BlockingObservable.blockForSingle(BlockingObservable.java:443)
	at rx.observables.BlockingObservable.single(BlockingObservable.java:340)
	at com.netflix.client.AbstractLoadBalancerAwareClient.executeWithLoadBalancer(AbstractLoadBalancerAwareClient.java:112)
	at org.springframework.cloud.openfeign.ribbon.LoadBalancerFeignClient.execute(LoadBalancerFeignClient.java:63)
	at feign.SynchronousMethodHandler.executeAndDecode(SynchronousMethodHandler.java:98)
	... 58 common frames omitted
2018-11-27 11:52:45 304878 [AsyncResolver-bootstrap-executor-0] INFO  c.n.d.s.r.aws.ConfigClusterResolver - Resolving eureka endpoints via configuration
2018-11-27 11:56:20 519493 [Thread-34] INFO  c.n.l.PollingServerListUpdater - Shutting down the Executor Pool for PollingServerListUpdater
2018-11-27 11:56:20 519502 [DiscoveryClient-InstanceInfoReplicator-0] INFO  c.netflix.discovery.DiscoveryClient - DiscoveryClient_NOTE-ADMIN-RIBBON/192.168.2.114:note-admin-ribbon:7999: registering service...
2018-11-27 11:56:20 519563 [Thread-26] INFO  c.n.u.c.ShutdownEnabledTimer - Shutdown hook removed for: NFLoadBalancer-PingTimer-note-gateway-api
2018-11-27 11:56:20 519563 [Thread-26] INFO  c.n.u.c.ShutdownEnabledTimer - Exception caught (might be ok if at shutdown)
java.lang.IllegalStateException: Shutdown in progress
	at java.lang.ApplicationShutdownHooks.remove(ApplicationShutdownHooks.java:82)
	at java.lang.Runtime.removeShutdownHook(Runtime.java:239)
	at com.netflix.util.concurrent.ShutdownEnabledTimer.cancel(ShutdownEnabledTimer.java:70)
	at com.netflix.loadbalancer.BaseLoadBalancer.cancelPingTask(BaseLoadBalancer.java:613)
	at com.netflix.loadbalancer.BaseLoadBalancer.shutdown(BaseLoadBalancer.java:864)
	at com.netflix.loadbalancer.DynamicServerListLoadBalancer.shutdown(DynamicServerListLoadBalancer.java:285)
	at sun.reflect.NativeMethodAccessorImpl.invoke0(Native Method)
	at sun.reflect.NativeMethodAccessorImpl.invoke(NativeMethodAccessorImpl.java:62)
	at sun.reflect.DelegatingMethodAccessorImpl.invoke(DelegatingMethodAccessorImpl.java:43)
	at java.lang.reflect.Method.invoke(Method.java:498)
	at org.springframework.beans.factory.support.DisposableBeanAdapter.invokeCustomDestroyMethod(DisposableBeanAdapter.java:337)
	at org.springframework.beans.factory.support.DisposableBeanAdapter.destroy(DisposableBeanAdapter.java:271)
	at org.springframework.beans.factory.support.DefaultSingletonBeanRegistry.destroyBean(DefaultSingletonBeanRegistry.java:571)
	at org.springframework.beans.factory.support.DefaultSingletonBeanRegistry.destroySingleton(DefaultSingletonBeanRegistry.java:543)
	at org.springframework.beans.factory.support.DefaultListableBeanFactory.destroySingleton(DefaultListableBeanFactory.java:954)
	at org.springframework.beans.factory.support.DefaultSingletonBeanRegistry.destroySingletons(DefaultSingletonBeanRegistry.java:504)
	at org.springframework.beans.factory.support.DefaultListableBeanFactory.destroySingletons(DefaultListableBeanFactory.java:961)
	at org.springframework.context.support.AbstractApplicationContext.destroyBeans(AbstractApplicationContext.java:1039)
	at org.springframework.context.support.AbstractApplicationContext.doClose(AbstractApplicationContext.java:1015)
	at org.springframework.context.support.AbstractApplicationContext.close(AbstractApplicationContext.java:965)
	at org.springframework.cloud.context.named.NamedContextFactory.destroy(NamedContextFactory.java:76)
	at org.springframework.beans.factory.support.DisposableBeanAdapter.destroy(DisposableBeanAdapter.java:256)
	at org.springframework.beans.factory.support.DefaultSingletonBeanRegistry.destroyBean(DefaultSingletonBeanRegistry.java:571)
	at org.springframework.beans.factory.support.DefaultSingletonBeanRegistry.destroySingleton(DefaultSingletonBeanRegistry.java:543)
	at org.springframework.beans.factory.support.DefaultListableBeanFactory.destroySingleton(DefaultListableBeanFactory.java:954)
	at org.springframework.beans.factory.support.DefaultSingletonBeanRegistry.destroySingletons(DefaultSingletonBeanRegistry.java:504)
	at org.springframework.beans.factory.support.DefaultListableBeanFactory.destroySingletons(DefaultListableBeanFactory.java:961)
	at org.springframework.context.support.AbstractApplicationContext.destroyBeans(AbstractApplicationContext.java:1039)
	at org.springframework.context.support.AbstractApplicationContext.doClose(AbstractApplicationContext.java:1015)
	at org.springframework.context.support.AbstractApplicationContext$1.run(AbstractApplicationContext.java:935)
2018-11-27 11:56:20 519571 [Thread-26] INFO  c.netflix.discovery.DiscoveryClient - Shutting down DiscoveryClient ...
2018-11-27 12:15:39 836  [main] INFO  o.s.c.a.AnnotationConfigApplicationContext - Refreshing org.springframework.context.annotation.AnnotationConfigApplicationContext@368f2016: startup date [Tue Nov 27 12:15:39 CST 2018]; root of context hierarchy
2018-11-27 12:15:39 1187 [main] INFO  o.s.b.f.a.AutowiredAnnotationBeanPostProcessor - JSR-330 'javax.inject.Inject' annotation found and supported for autowiring
2018-11-27 12:15:39 1234 [main] INFO  o.s.c.s.PostProcessorRegistrationDelegate$BeanPostProcessorChecker - Bean 'configurationPropertiesRebinderAutoConfiguration' of type [org.springframework.cloud.autoconfigure.ConfigurationPropertiesRebinderAutoConfiguration$$EnhancerBySpringCGLIB$$64594957] is not eligible for getting processed by all BeanPostProcessors (for example: not eligible for auto-proxying)
2018-11-27 12:15:39 1378 [main] INFO  c.b.n.NoteAdminRibbonApplication - No active profile set, falling back to default profiles: default
2018-11-27 12:15:39 1394 [main] INFO  o.s.b.w.s.c.AnnotationConfigServletWebServerApplicationContext - Refreshing org.springframework.boot.web.servlet.context.AnnotationConfigServletWebServerApplicationContext@1e4d3ce5: startup date [Tue Nov 27 12:15:39 CST 2018]; parent: org.springframework.context.annotation.AnnotationConfigApplicationContext@368f2016
2018-11-27 12:15:40 1793 [main] INFO  o.s.b.f.s.DefaultListableBeanFactory - Overriding alias 'note-gateway-apiFeignClient' definition for registered name 'com.books.noteadminribbon.service.book.BookMstAPI' with new target name 'com.books.noteadminribbon.service.system.UserMstAPI'
2018-11-27 12:15:40 2116 [main] INFO  o.s.c.context.scope.GenericScope - BeanFactory id=07a9cff4-7f8f-386e-8693-ff3ff141a331
2018-11-27 12:15:40 2129 [main] INFO  o.s.b.f.a.AutowiredAnnotationBeanPostProcessor - JSR-330 'javax.inject.Inject' annotation found and supported for autowiring
2018-11-27 12:15:40 2203 [main] INFO  o.s.c.s.PostProcessorRegistrationDelegate$BeanPostProcessorChecker - Bean 'org.springframework.cloud.autoconfigure.ConfigurationPropertiesRebinderAutoConfiguration' of type [org.springframework.cloud.autoconfigure.ConfigurationPropertiesRebinderAutoConfiguration$$EnhancerBySpringCGLIB$$64594957] is not eligible for getting processed by all BeanPostProcessors (for example: not eligible for auto-proxying)
2018-11-27 12:15:40 2585 [main] INFO  o.s.b.w.e.tomcat.TomcatWebServer - Tomcat initialized with port(s): 7999 (http)
2018-11-27 12:15:40 2604 [main] INFO  o.a.coyote.http11.Http11NioProtocol - Initializing ProtocolHandler ["http-nio-7999"]
2018-11-27 12:15:40 2618 [main] INFO  o.a.catalina.core.StandardService - Starting service [Tomcat]
2018-11-27 12:15:40 2618 [main] INFO  o.a.catalina.core.StandardEngine - Starting Servlet Engine: Apache Tomcat/8.5.34
2018-11-27 12:15:40 2622 [localhost-startStop-1] INFO  o.a.c.core.AprLifecycleListener - The APR based Apache Tomcat Native library which allows optimal performance in production environments was not found on the java.library.path: [/Users/chenxichao/Library/Java/Extensions:/Library/Java/Extensions:/Network/Library/Java/Extensions:/System/Library/Java/Extensions:/usr/lib/java:.]
2018-11-27 12:15:41 2823 [localhost-startStop-1] INFO  o.a.c.c.C.[Tomcat].[localhost].[/] - Initializing Spring embedded WebApplicationContext
2018-11-27 12:15:41 2824 [localhost-startStop-1] INFO  o.s.web.context.ContextLoader - Root WebApplicationContext: initialization completed in 1430 ms
2018-11-27 12:15:41 2919 [localhost-startStop-1] INFO  o.s.b.w.s.ServletRegistrationBean - Servlet dispatcherServlet mapped to [/]
2018-11-27 12:15:41 2924 [localhost-startStop-1] INFO  o.s.b.w.s.FilterRegistrationBean - Mapping filter: 'characterEncodingFilter' to: [/*]
2018-11-27 12:15:41 2925 [localhost-startStop-1] INFO  o.s.b.w.s.FilterRegistrationBean - Mapping filter: 'hiddenHttpMethodFilter' to: [/*]
2018-11-27 12:15:41 2925 [localhost-startStop-1] INFO  o.s.b.w.s.FilterRegistrationBean - Mapping filter: 'httpPutFormContentFilter' to: [/*]
2018-11-27 12:15:41 2925 [localhost-startStop-1] INFO  o.s.b.w.s.FilterRegistrationBean - Mapping filter: 'requestContextFilter' to: [/*]
2018-11-27 12:15:41 2975 [main] INFO  o.s.c.a.AnnotationConfigApplicationContext - Refreshing FeignContext-note-gateway-api: startup date [Tue Nov 27 12:15:41 CST 2018]; parent: org.springframework.boot.web.servlet.context.AnnotationConfigServletWebServerApplicationContext@1e4d3ce5
2018-11-27 12:15:41 3002 [main] INFO  o.s.b.f.a.AutowiredAnnotationBeanPostProcessor - JSR-330 'javax.inject.Inject' annotation found and supported for autowiring
2018-11-27 12:15:41 3245 [main] INFO  c.n.c.s.URLConfigurationSource - To enable URLs as dynamic configuration sources, define System property archaius.configurationSource.additionalUrls or make config.properties available on classpath.
2018-11-27 12:15:41 3249 [main] INFO  c.n.c.s.URLConfigurationSource - To enable URLs as dynamic configuration sources, define System property archaius.configurationSource.additionalUrls or make config.properties available on classpath.
2018-11-27 12:15:41 3319 [main] INFO  o.s.w.s.h.SimpleUrlHandlerMapping - Mapped URL path [/**/favicon.ico] onto handler of type [class org.springframework.web.servlet.resource.ResourceHttpRequestHandler]
2018-11-27 12:15:41 3448 [main] INFO  o.s.w.s.m.m.a.RequestMappingHandlerAdapter - Looking for @ControllerAdvice: org.springframework.boot.web.servlet.context.AnnotationConfigServletWebServerApplicationContext@1e4d3ce5: startup date [Tue Nov 27 12:15:39 CST 2018]; parent: org.springframework.context.annotation.AnnotationConfigApplicationContext@368f2016
2018-11-27 12:15:41 3502 [main] INFO  o.s.w.s.m.m.a.RequestMappingHandlerMapping - Mapped "{[/user/registerDetail.html],methods=[GET || POST]}" onto public java.lang.String com.books.noteadminribbon.controller.user.UserController.registerDetail(javax.servlet.http.HttpServletRequest,org.springframework.ui.Model)
2018-11-27 12:15:41 3503 [main] INFO  o.s.w.s.m.m.a.RequestMappingHandlerMapping - Mapped "{[/user/login.html],methods=[GET || POST]}" onto public org.springframework.http.ResponseEntity<?> com.books.noteadminribbon.controller.user.UserController.login(javax.servlet.http.HttpServletRequest,javax.servlet.http.HttpServletResponse,org.springframework.ui.Model)
2018-11-27 12:15:41 3505 [main] INFO  o.s.w.s.m.m.a.RequestMappingHandlerMapping - Mapped "{[/error]}" onto public org.springframework.http.ResponseEntity<java.util.Map<java.lang.String, java.lang.Object>> org.springframework.boot.autoconfigure.web.servlet.error.BasicErrorController.error(javax.servlet.http.HttpServletRequest)
2018-11-27 12:15:41 3506 [main] INFO  o.s.w.s.m.m.a.RequestMappingHandlerMapping - Mapped "{[/error],produces=[text/html]}" onto public org.springframework.web.servlet.ModelAndView org.springframework.boot.autoconfigure.web.servlet.error.BasicErrorController.errorHtml(javax.servlet.http.HttpServletRequest,javax.servlet.http.HttpServletResponse)
2018-11-27 12:15:41 3533 [main] INFO  o.s.w.s.h.SimpleUrlHandlerMapping - Mapped URL path [/webjars/**] onto handler of type [class org.springframework.web.servlet.resource.ResourceHttpRequestHandler]
2018-11-27 12:15:41 3534 [main] INFO  o.s.w.s.h.SimpleUrlHandlerMapping - Mapped URL path [/**] onto handler of type [class org.springframework.web.servlet.resource.ResourceHttpRequestHandler]
2018-11-27 12:15:41 3649 [main] INFO  o.s.b.a.w.s.WelcomePageHandlerMapping - Adding welcome page template: index
2018-11-27 12:15:42 4125 [main] INFO  o.s.j.e.a.AnnotationMBeanExporter - Registering beans for JMX exposure on startup
2018-11-27 12:15:42 4134 [main] INFO  o.s.j.e.a.AnnotationMBeanExporter - Bean with name 'refreshScope' has been autodetected for JMX exposure
2018-11-27 12:15:42 4135 [main] INFO  o.s.j.e.a.AnnotationMBeanExporter - Bean with name 'configurationPropertiesRebinder' has been autodetected for JMX exposure
2018-11-27 12:15:42 4136 [main] INFO  o.s.j.e.a.AnnotationMBeanExporter - Bean with name 'environmentManager' has been autodetected for JMX exposure
2018-11-27 12:15:42 4138 [main] INFO  o.s.j.e.a.AnnotationMBeanExporter - Located managed bean 'environmentManager': registering with JMX server as MBean [org.springframework.cloud.context.environment:name=environmentManager,type=EnvironmentManager]
2018-11-27 12:15:42 4147 [main] INFO  o.s.j.e.a.AnnotationMBeanExporter - Located managed bean 'refreshScope': registering with JMX server as MBean [org.springframework.cloud.context.scope.refresh:name=refreshScope,type=RefreshScope]
2018-11-27 12:15:42 4155 [main] INFO  o.s.j.e.a.AnnotationMBeanExporter - Located managed bean 'configurationPropertiesRebinder': registering with JMX server as MBean [org.springframework.cloud.context.properties:name=configurationPropertiesRebinder,context=1e4d3ce5,type=ConfigurationPropertiesRebinder]
2018-11-27 12:15:42 4162 [main] INFO  o.s.c.s.DefaultLifecycleProcessor - Starting beans in phase 0
2018-11-27 12:15:42 4172 [main] INFO  o.s.c.n.eureka.InstanceInfoFactory - Setting initial instance status as: STARTING
2018-11-27 12:15:42 4198 [main] INFO  c.netflix.discovery.DiscoveryClient - Initializing Eureka in region us-east-1
2018-11-27 12:15:42 4324 [main] INFO  c.n.d.p.DiscoveryJerseyProvider - Using JSON encoding codec LegacyJacksonJson
2018-11-27 12:15:42 4324 [main] INFO  c.n.d.p.DiscoveryJerseyProvider - Using JSON decoding codec LegacyJacksonJson
2018-11-27 12:15:42 4440 [main] INFO  c.n.d.p.DiscoveryJerseyProvider - Using XML encoding codec XStreamXml
2018-11-27 12:15:42 4440 [main] INFO  c.n.d.p.DiscoveryJerseyProvider - Using XML decoding codec XStreamXml
2018-11-27 12:15:42 4578 [main] INFO  c.n.d.s.r.aws.ConfigClusterResolver - Resolving eureka endpoints via configuration
2018-11-27 12:15:42 4593 [main] INFO  c.netflix.discovery.DiscoveryClient - Disable delta property : false
2018-11-27 12:15:42 4593 [main] INFO  c.netflix.discovery.DiscoveryClient - Single vip registry refresh property : null
2018-11-27 12:15:42 4593 [main] INFO  c.netflix.discovery.DiscoveryClient - Force full registry fetch : false
2018-11-27 12:15:42 4593 [main] INFO  c.netflix.discovery.DiscoveryClient - Application is null : false
2018-11-27 12:15:42 4593 [main] INFO  c.netflix.discovery.DiscoveryClient - Registered Applications size is zero : true
2018-11-27 12:15:42 4593 [main] INFO  c.netflix.discovery.DiscoveryClient - Application version is -1: true
2018-11-27 12:15:42 4594 [main] INFO  c.netflix.discovery.DiscoveryClient - Getting all instance registry info from the eureka server
2018-11-27 12:15:43 4759 [main] INFO  c.netflix.discovery.DiscoveryClient - The response status is 200
2018-11-27 12:15:43 4763 [main] INFO  c.netflix.discovery.DiscoveryClient - Starting heartbeat executor: renew interval is: 30
2018-11-27 12:15:43 4766 [main] INFO  c.n.d.InstanceInfoReplicator - InstanceInfoReplicator onDemand update allowed rate per min is 4
2018-11-27 12:15:43 4769 [main] INFO  c.netflix.discovery.DiscoveryClient - Discovery Client initialized at timestamp 1543292143050 with initial instances count: 3
2018-11-27 12:15:43 4773 [main] INFO  o.s.c.n.e.s.EurekaServiceRegistry - Registering application NOTE-ADMIN-RIBBON with eureka with status UP
2018-11-27 12:15:43 4774 [main] INFO  c.netflix.discovery.DiscoveryClient - Saw local status change event StatusChangeEvent [timestamp=1543292143055, current=UP, previous=STARTING]
2018-11-27 12:15:43 4775 [DiscoveryClient-InstanceInfoReplicator-0] INFO  c.netflix.discovery.DiscoveryClient - DiscoveryClient_NOTE-ADMIN-RIBBON/192.168.2.114:note-admin-ribbon:7999: registering service...
2018-11-27 12:15:43 4791 [main] INFO  o.a.coyote.http11.Http11NioProtocol - Starting ProtocolHandler ["http-nio-7999"]
2018-11-27 12:15:43 4813 [DiscoveryClient-InstanceInfoReplicator-0] INFO  c.netflix.discovery.DiscoveryClient - DiscoveryClient_NOTE-ADMIN-RIBBON/192.168.2.114:note-admin-ribbon:7999 - registration status: 204
2018-11-27 12:15:43 4827 [main] INFO  o.a.tomcat.util.net.NioSelectorPool - Using a shared selector for servlet write/read
2018-11-27 12:15:43 4842 [main] INFO  o.s.b.w.e.tomcat.TomcatWebServer - Tomcat started on port(s): 7999 (http) with context path ''
2018-11-27 12:15:43 4843 [main] INFO  o.s.c.n.e.s.EurekaAutoServiceRegistration - Updating port to 7999
2018-11-27 12:15:43 4847 [main] INFO  c.b.n.NoteAdminRibbonApplication - Started NoteAdminRibbonApplication in 4.887 seconds (JVM running for 5.633)
2018-11-27 12:15:50 11873 [http-nio-7999-exec-1] INFO  o.a.c.c.C.[Tomcat].[localhost].[/] - Initializing Spring FrameworkServlet 'dispatcherServlet'
2018-11-27 12:15:50 11873 [http-nio-7999-exec-1] INFO  o.s.web.servlet.DispatcherServlet - FrameworkServlet 'dispatcherServlet': initialization started
2018-11-27 12:15:50 11888 [http-nio-7999-exec-1] INFO  o.s.web.servlet.DispatcherServlet - FrameworkServlet 'dispatcherServlet': initialization completed in 15 ms
2018-11-27 12:15:59 21637 [http-nio-7999-exec-4] INFO  o.s.c.a.AnnotationConfigApplicationContext - Refreshing SpringClientFactory-note-gateway-api: startup date [Tue Nov 27 12:15:59 CST 2018]; parent: org.springframework.boot.web.servlet.context.AnnotationConfigServletWebServerApplicationContext@1e4d3ce5
2018-11-27 12:15:59 21693 [http-nio-7999-exec-4] INFO  o.s.b.f.a.AutowiredAnnotationBeanPostProcessor - JSR-330 'javax.inject.Inject' annotation found and supported for autowiring
2018-11-27 12:16:00 21949 [http-nio-7999-exec-4] INFO  c.n.config.ChainedDynamicProperty - Flipping property: note-gateway-api.ribbon.ActiveConnectionsLimit to use NEXT property: niws.loadbalancer.availabilityFilteringRule.activeConnectionsLimit = 2147483647
2018-11-27 12:16:00 21968 [http-nio-7999-exec-4] INFO  c.n.u.c.ShutdownEnabledTimer - Shutdown hook installed for: NFLoadBalancer-PingTimer-note-gateway-api
2018-11-27 12:16:00 21999 [http-nio-7999-exec-4] INFO  c.n.loadbalancer.BaseLoadBalancer - Client: note-gateway-api instantiated a LoadBalancer: DynamicServerListLoadBalancer:{NFLoadBalancer:name=note-gateway-api,current list of Servers=[],Load balancer stats=Zone stats: {},Server stats: []}ServerList:null
2018-11-27 12:16:00 22007 [http-nio-7999-exec-4] INFO  c.n.l.DynamicServerListLoadBalancer - Using serverListUpdater PollingServerListUpdater
2018-11-27 12:16:00 22038 [http-nio-7999-exec-4] INFO  c.n.config.ChainedDynamicProperty - Flipping property: note-gateway-api.ribbon.ActiveConnectionsLimit to use NEXT property: niws.loadbalancer.availabilityFilteringRule.activeConnectionsLimit = 2147483647
2018-11-27 12:16:00 22040 [http-nio-7999-exec-4] INFO  c.n.l.DynamicServerListLoadBalancer - DynamicServerListLoadBalancer for client note-gateway-api initialized: DynamicServerListLoadBalancer:{NFLoadBalancer:name=note-gateway-api,current list of Servers=[192.168.2.114:8997],Load balancer stats=Zone stats: {defaultzone=[Zone:defaultzone;	Instance count:1;	Active connections count: 0;	Circuit breaker tripped count: 0;	Active connections per server: 0.0;]
},Server stats: [[Server:192.168.2.114:8997;	Zone:defaultZone;	Total Requests:0;	Successive connection failure:0;	Total blackout seconds:0;	Last connection made:Thu Jan 01 08:00:00 CST 1970;	First connection made: Thu Jan 01 08:00:00 CST 1970;	Active Connections:0;	total failure count in last (1000) msecs:0;	average resp time:0.0;	90 percentile resp time:0.0;	95 percentile resp time:0.0;	min resp time:0.0;	max resp time:0.0;	stddev resp time:0.0]
]}ServerList:org.springframework.cloud.netflix.ribbon.eureka.DomainExtractingServerList@2621c86c
2018-11-27 12:16:01 23014 [PollingServerListUpdater-0] INFO  c.n.config.ChainedDynamicProperty - Flipping property: note-gateway-api.ribbon.ActiveConnectionsLimit to use NEXT property: niws.loadbalancer.availabilityFilteringRule.activeConnectionsLimit = 2147483647
2018-11-27 12:16:10 32124 [Thread-36] INFO  c.n.l.PollingServerListUpdater - Shutting down the Executor Pool for PollingServerListUpdater
2018-11-27 12:16:10 32127 [DiscoveryClient-InstanceInfoReplicator-0] INFO  c.netflix.discovery.DiscoveryClient - DiscoveryClient_NOTE-ADMIN-RIBBON/192.168.2.114:note-admin-ribbon:7999: registering service...
2018-11-27 12:16:10 32133 [Thread-28] INFO  c.n.u.c.ShutdownEnabledTimer - Shutdown hook removed for: NFLoadBalancer-PingTimer-note-gateway-api
2018-11-27 12:16:10 32136 [Thread-28] INFO  c.n.u.c.ShutdownEnabledTimer - Exception caught (might be ok if at shutdown)
java.lang.IllegalStateException: Shutdown in progress
	at java.lang.ApplicationShutdownHooks.remove(ApplicationShutdownHooks.java:82)
	at java.lang.Runtime.removeShutdownHook(Runtime.java:239)
	at com.netflix.util.concurrent.ShutdownEnabledTimer.cancel(ShutdownEnabledTimer.java:70)
	at com.netflix.loadbalancer.BaseLoadBalancer.cancelPingTask(BaseLoadBalancer.java:613)
	at com.netflix.loadbalancer.BaseLoadBalancer.shutdown(BaseLoadBalancer.java:864)
	at com.netflix.loadbalancer.DynamicServerListLoadBalancer.shutdown(DynamicServerListLoadBalancer.java:285)
	at sun.reflect.NativeMethodAccessorImpl.invoke0(Native Method)
	at sun.reflect.NativeMethodAccessorImpl.invoke(NativeMethodAccessorImpl.java:62)
	at sun.reflect.DelegatingMethodAccessorImpl.invoke(DelegatingMethodAccessorImpl.java:43)
	at java.lang.reflect.Method.invoke(Method.java:498)
	at org.springframework.beans.factory.support.DisposableBeanAdapter.invokeCustomDestroyMethod(DisposableBeanAdapter.java:337)
	at org.springframework.beans.factory.support.DisposableBeanAdapter.destroy(DisposableBeanAdapter.java:271)
	at org.springframework.beans.factory.support.DefaultSingletonBeanRegistry.destroyBean(DefaultSingletonBeanRegistry.java:571)
	at org.springframework.beans.factory.support.DefaultSingletonBeanRegistry.destroySingleton(DefaultSingletonBeanRegistry.java:543)
	at org.springframework.beans.factory.support.DefaultListableBeanFactory.destroySingleton(DefaultListableBeanFactory.java:954)
	at org.springframework.beans.factory.support.DefaultSingletonBeanRegistry.destroySingletons(DefaultSingletonBeanRegistry.java:504)
	at org.springframework.beans.factory.support.DefaultListableBeanFactory.destroySingletons(DefaultListableBeanFactory.java:961)
	at org.springframework.context.support.AbstractApplicationContext.destroyBeans(AbstractApplicationContext.java:1039)
	at org.springframework.context.support.AbstractApplicationContext.doClose(AbstractApplicationContext.java:1015)
	at org.springframework.context.support.AbstractApplicationContext.close(AbstractApplicationContext.java:965)
	at org.springframework.cloud.context.named.NamedContextFactory.destroy(NamedContextFactory.java:76)
	at org.springframework.beans.factory.support.DisposableBeanAdapter.destroy(DisposableBeanAdapter.java:256)
	at org.springframework.beans.factory.support.DefaultSingletonBeanRegistry.destroyBean(DefaultSingletonBeanRegistry.java:571)
	at org.springframework.beans.factory.support.DefaultSingletonBeanRegistry.destroySingleton(DefaultSingletonBeanRegistry.java:543)
	at org.springframework.beans.factory.support.DefaultListableBeanFactory.destroySingleton(DefaultListableBeanFactory.java:954)
	at org.springframework.beans.factory.support.DefaultSingletonBeanRegistry.destroySingletons(DefaultSingletonBeanRegistry.java:504)
	at org.springframework.beans.factory.support.DefaultListableBeanFactory.destroySingletons(DefaultListableBeanFactory.java:961)
	at org.springframework.context.support.AbstractApplicationContext.destroyBeans(AbstractApplicationContext.java:1039)
	at org.springframework.context.support.AbstractApplicationContext.doClose(AbstractApplicationContext.java:1015)
	at org.springframework.context.support.AbstractApplicationContext$1.run(AbstractApplicationContext.java:935)
2018-11-27 12:16:10 32139 [Thread-28] INFO  c.netflix.discovery.DiscoveryClient - Shutting down DiscoveryClient ...
